<?xml version="1.0" encoding="UTF-8"?>
<testsuite name="com.fastcampus.javaallinone.project3.demo.controller.HelloWorldControllerTest" tests="2" skipped="0" failures="0" errors="0" timestamp="2021-05-15T06:44:14" hostname="LAPTOP-170P7NSC" time="0.079">
  <properties/>
  <testcase name="helloWorld()" classname="com.fastcampus.javaallinone.project3.demo.controller.HelloWorldControllerTest" time="0.003"/>
  <testcase name="mockMvcTest()" classname="com.fastcampus.javaallinone.project3.demo.controller.HelloWorldControllerTest" time="0.075"/>
  <system-out><![CDATA[2021-05-15 15:44:14.341  INFO 4128 --- [    Test worker] .b.t.c.SpringBootTestContextBootstrapper : Neither @ContextConfiguration nor @ContextHierarchy found for test class [com.fastcampus.javaallinone.project3.demo.controller.HelloWorldControllerTest], using SpringBootContextLoader
2021-05-15 15:44:14.342  INFO 4128 --- [    Test worker] o.s.t.c.support.AbstractContextLoader    : Could not detect default resource locations for test class [com.fastcampus.javaallinone.project3.demo.controller.HelloWorldControllerTest]: no resource found for suffixes {-context.xml, Context.groovy}.
2021-05-15 15:44:14.342  INFO 4128 --- [    Test worker] t.c.s.AnnotationConfigContextLoaderUtils : Could not detect default configuration classes for test class [com.fastcampus.javaallinone.project3.demo.controller.HelloWorldControllerTest]: HelloWorldControllerTest does not declare any static, non-private, non-final, nested classes annotated with @Configuration.
2021-05-15 15:44:14.352  INFO 4128 --- [    Test worker] .b.t.c.SpringBootTestContextBootstrapper : Found @SpringBootConfiguration com.fastcampus.javaallinone.project3.demo.DemoApplication for test class com.fastcampus.javaallinone.project3.demo.controller.HelloWorldControllerTest
2021-05-15 15:44:14.354  INFO 4128 --- [    Test worker] .b.t.c.SpringBootTestContextBootstrapper : Loaded default TestExecutionListener class names from location [META-INF/spring.factories]: [org.springframework.boot.test.autoconfigure.restdocs.RestDocsTestExecutionListener, org.springframework.boot.test.autoconfigure.web.client.MockRestServiceServerResetTestExecutionListener, org.springframework.boot.test.autoconfigure.web.servlet.MockMvcPrintOnlyOnFailureTestExecutionListener, org.springframework.boot.test.autoconfigure.web.servlet.WebDriverTestExecutionListener, org.springframework.boot.test.autoconfigure.webservices.client.MockWebServiceServerTestExecutionListener, org.springframework.boot.test.mock.mockito.MockitoTestExecutionListener, org.springframework.boot.test.mock.mockito.ResetMocksTestExecutionListener, org.springframework.test.context.web.ServletTestExecutionListener, org.springframework.test.context.support.DirtiesContextBeforeModesTestExecutionListener, org.springframework.test.context.event.ApplicationEventsTestExecutionListener, org.springframework.test.context.support.DependencyInjectionTestExecutionListener, org.springframework.test.context.support.DirtiesContextTestExecutionListener, org.springframework.test.context.transaction.TransactionalTestExecutionListener, org.springframework.test.context.jdbc.SqlScriptsTestExecutionListener, org.springframework.test.context.event.EventPublishingTestExecutionListener]
2021-05-15 15:44:14.354  INFO 4128 --- [    Test worker] .b.t.c.SpringBootTestContextBootstrapper : Using TestExecutionListeners: [org.springframework.test.context.web.ServletTestExecutionListener@5c73f8fe, org.springframework.test.context.support.DirtiesContextBeforeModesTestExecutionListener@7259883d, org.springframework.test.context.event.ApplicationEventsTestExecutionListener@303484f3, org.springframework.boot.test.mock.mockito.MockitoTestExecutionListener@4883bb61, org.springframework.boot.test.autoconfigure.SpringBootDependencyInjectionTestExecutionListener@bf40e87, org.springframework.test.context.support.DirtiesContextTestExecutionListener@355267a4, org.springframework.test.context.transaction.TransactionalTestExecutionListener@21d56ee1, org.springframework.test.context.jdbc.SqlScriptsTestExecutionListener@74d89109, org.springframework.test.context.event.EventPublishingTestExecutionListener@5f733923, org.springframework.boot.test.autoconfigure.restdocs.RestDocsTestExecutionListener@79ba0a2e, org.springframework.boot.test.autoconfigure.web.client.MockRestServiceServerResetTestExecutionListener@7312c19e, org.springframework.boot.test.autoconfigure.web.servlet.MockMvcPrintOnlyOnFailureTestExecutionListener@4372462c, org.springframework.boot.test.autoconfigure.web.servlet.WebDriverTestExecutionListener@58ed540, org.springframework.boot.test.autoconfigure.webservices.client.MockWebServiceServerTestExecutionListener@2ccc44a5, org.springframework.boot.test.mock.mockito.ResetMocksTestExecutionListener@49377e93]
hello world
2021-05-15 15:44:14.377  INFO 4128 --- [    Test worker] o.s.mock.web.MockServletContext          : Initializing Spring TestDispatcherServlet ''
2021-05-15 15:44:14.377  INFO 4128 --- [    Test worker] o.s.t.web.servlet.TestDispatcherServlet  : Initializing Servlet ''
2021-05-15 15:44:14.377  INFO 4128 --- [    Test worker] o.s.t.web.servlet.TestDispatcherServlet  : Completed initialization in 0 ms

MockHttpServletRequest:
      HTTP Method = POST
      Request URI = /api/helloWorld
       Parameters = {}
          Headers = []
             Body = <no character encoding set>
    Session Attrs = {}

Handler:
             Type = com.fastcampus.javaallinone.project3.demo.controller.HelloWorldController
           Method = com.fastcampus.javaallinone.project3.demo.controller.HelloWorldController#helloWorld()

Async:
    Async started = false
     Async result = null

Resolved Exception:
             Type = null

ModelAndView:
        View name = null
             View = null
            Model = null

FlashMap:
       Attributes = null

MockHttpServletResponse:
           Status = 200
    Error message = null
          Headers = [Content-Type:"text/plain;charset=ISO-8859-1", Content-Length:"11"]
     Content type = text/plain;charset=ISO-8859-1
             Body = hello world
    Forwarded URL = null
   Redirected URL = null
          Cookies = []
]]></system-out>
  <system-err><![CDATA[]]></system-err>
</testsuite>
