<?xml version="1.0" encoding="UTF-8"?>
<testsuite name="com.fastcampus.javaallinone.project3.demo.repository.BlockRepositoryTest" tests="1" skipped="0" failures="0" errors="0" timestamp="2021-05-11T02:54:37" hostname="LAPTOP-170P7NSC" time="0.251">
  <properties/>
  <testcase name="crud()" classname="com.fastcampus.javaallinone.project3.demo.repository.BlockRepositoryTest" time="0.251"/>
  <system-out><![CDATA[2021-05-11 11:54:36.935  INFO 18076 --- [    Test worker] .b.t.c.SpringBootTestContextBootstrapper : Neither @ContextConfiguration nor @ContextHierarchy found for test class [com.fastcampus.javaallinone.project3.demo.repository.BlockRepositoryTest], using SpringBootContextLoader
2021-05-11 11:54:36.939  INFO 18076 --- [    Test worker] o.s.t.c.support.AbstractContextLoader    : Could not detect default resource locations for test class [com.fastcampus.javaallinone.project3.demo.repository.BlockRepositoryTest]: no resource found for suffixes {-context.xml, Context.groovy}.
2021-05-11 11:54:36.939  INFO 18076 --- [    Test worker] t.c.s.AnnotationConfigContextLoaderUtils : Could not detect default configuration classes for test class [com.fastcampus.javaallinone.project3.demo.repository.BlockRepositoryTest]: BlockRepositoryTest does not declare any static, non-private, non-final, nested classes annotated with @Configuration.
2021-05-11 11:54:36.994  INFO 18076 --- [    Test worker] .b.t.c.SpringBootTestContextBootstrapper : Found @SpringBootConfiguration com.fastcampus.javaallinone.project3.demo.DemoApplication for test class com.fastcampus.javaallinone.project3.demo.repository.BlockRepositoryTest
2021-05-11 11:54:36.998  INFO 18076 --- [    Test worker] .b.t.c.SpringBootTestContextBootstrapper : Loaded default TestExecutionListener class names from location [META-INF/spring.factories]: [org.springframework.boot.test.autoconfigure.restdocs.RestDocsTestExecutionListener, org.springframework.boot.test.autoconfigure.web.client.MockRestServiceServerResetTestExecutionListener, org.springframework.boot.test.autoconfigure.web.servlet.MockMvcPrintOnlyOnFailureTestExecutionListener, org.springframework.boot.test.autoconfigure.web.servlet.WebDriverTestExecutionListener, org.springframework.boot.test.autoconfigure.webservices.client.MockWebServiceServerTestExecutionListener, org.springframework.boot.test.mock.mockito.MockitoTestExecutionListener, org.springframework.boot.test.mock.mockito.ResetMocksTestExecutionListener, org.springframework.test.context.web.ServletTestExecutionListener, org.springframework.test.context.support.DirtiesContextBeforeModesTestExecutionListener, org.springframework.test.context.event.ApplicationEventsTestExecutionListener, org.springframework.test.context.support.DependencyInjectionTestExecutionListener, org.springframework.test.context.support.DirtiesContextTestExecutionListener, org.springframework.test.context.transaction.TransactionalTestExecutionListener, org.springframework.test.context.jdbc.SqlScriptsTestExecutionListener, org.springframework.test.context.event.EventPublishingTestExecutionListener]
2021-05-11 11:54:37.000  INFO 18076 --- [    Test worker] .b.t.c.SpringBootTestContextBootstrapper : Using TestExecutionListeners: [org.springframework.test.context.web.ServletTestExecutionListener@bff242, org.springframework.test.context.support.DirtiesContextBeforeModesTestExecutionListener@244e0cb2, org.springframework.test.context.event.ApplicationEventsTestExecutionListener@4b68cbf6, org.springframework.boot.test.mock.mockito.MockitoTestExecutionListener@3751cbbd, org.springframework.boot.test.autoconfigure.SpringBootDependencyInjectionTestExecutionListener@480302f7, org.springframework.test.context.support.DirtiesContextTestExecutionListener@1cfcbcd9, org.springframework.test.context.transaction.TransactionalTestExecutionListener@1146e3cb, org.springframework.test.context.jdbc.SqlScriptsTestExecutionListener@28f3ce7d, org.springframework.test.context.event.EventPublishingTestExecutionListener@78b7752e, org.springframework.boot.test.autoconfigure.restdocs.RestDocsTestExecutionListener@1d40495, org.springframework.boot.test.autoconfigure.web.client.MockRestServiceServerResetTestExecutionListener@27aaf7df, org.springframework.boot.test.autoconfigure.web.servlet.MockMvcPrintOnlyOnFailureTestExecutionListener@111c4571, org.springframework.boot.test.autoconfigure.web.servlet.WebDriverTestExecutionListener@52414c79, org.springframework.boot.test.autoconfigure.webservices.client.MockWebServiceServerTestExecutionListener@73900a08, org.springframework.boot.test.mock.mockito.ResetMocksTestExecutionListener@3740faa]
Hibernate: insert into block (id, end_date, name, reason, start_date) values (null, ?, ?, ?, ?)
Hibernate: select block0_.id as id1_0_, block0_.end_date as end_date2_0_, block0_.name as name3_0_, block0_.reason as reason4_0_, block0_.start_date as start_da5_0_ from block block0_
Block(id=1, name=A, reason=null, startDate=null, endDate=null)
Block(id=2, name=C, reason=null, startDate=null, endDate=null)
Block(id=3, name=A, reason=aaa, startDate=2021-05-11, endDate=2021-05-11)
]]></system-out>
  <system-err><![CDATA[]]></system-err>
</testsuite>
