<?xml version="1.0" encoding="UTF-8"?>
<testsuite name="com.fastcampus.javaallinone.project3.demo.repository.PersonRepositoryTest" tests="5" skipped="0" failures="0" errors="0" timestamp="2021-05-18T08:52:26" hostname="LAPTOP-170P7NSC" time="0.24">
  <properties/>
  <testcase name="findByMonthOfBirthday()" classname="com.fastcampus.javaallinone.project3.demo.repository.PersonRepositoryTest" time="0.092"/>
  <testcase name="findPeopleDeleted()" classname="com.fastcampus.javaallinone.project3.demo.repository.PersonRepositoryTest" time="0.019"/>
  <testcase name="findByName()" classname="com.fastcampus.javaallinone.project3.demo.repository.PersonRepositoryTest" time="0.065"/>
  <testcase name="crud()" classname="com.fastcampus.javaallinone.project3.demo.repository.PersonRepositoryTest" time="0.044"/>
  <testcase name="findByNameIfDeleted()" classname="com.fastcampus.javaallinone.project3.demo.repository.PersonRepositoryTest" time="0.006"/>
  <system-out><![CDATA[2021-05-18 17:52:26.353  INFO 16060 --- [    Test worker] .b.t.c.SpringBootTestContextBootstrapper : Neither @ContextConfiguration nor @ContextHierarchy found for test class [com.fastcampus.javaallinone.project3.demo.repository.PersonRepositoryTest], using SpringBootContextLoader
2021-05-18 17:52:26.354  INFO 16060 --- [    Test worker] o.s.t.c.support.AbstractContextLoader    : Could not detect default resource locations for test class [com.fastcampus.javaallinone.project3.demo.repository.PersonRepositoryTest]: no resource found for suffixes {-context.xml, Context.groovy}.
2021-05-18 17:52:26.355  INFO 16060 --- [    Test worker] t.c.s.AnnotationConfigContextLoaderUtils : Could not detect default configuration classes for test class [com.fastcampus.javaallinone.project3.demo.repository.PersonRepositoryTest]: PersonRepositoryTest does not declare any static, non-private, non-final, nested classes annotated with @Configuration.
2021-05-18 17:52:26.374  INFO 16060 --- [    Test worker] .b.t.c.SpringBootTestContextBootstrapper : Found @SpringBootConfiguration com.fastcampus.javaallinone.project3.demo.DemoApplication for test class com.fastcampus.javaallinone.project3.demo.repository.PersonRepositoryTest
2021-05-18 17:52:26.379  INFO 16060 --- [    Test worker] .b.t.c.SpringBootTestContextBootstrapper : Loaded default TestExecutionListener class names from location [META-INF/spring.factories]: [org.springframework.boot.test.autoconfigure.restdocs.RestDocsTestExecutionListener, org.springframework.boot.test.autoconfigure.web.client.MockRestServiceServerResetTestExecutionListener, org.springframework.boot.test.autoconfigure.web.servlet.MockMvcPrintOnlyOnFailureTestExecutionListener, org.springframework.boot.test.autoconfigure.web.servlet.WebDriverTestExecutionListener, org.springframework.boot.test.autoconfigure.webservices.client.MockWebServiceServerTestExecutionListener, org.springframework.boot.test.mock.mockito.MockitoTestExecutionListener, org.springframework.boot.test.mock.mockito.ResetMocksTestExecutionListener, org.springframework.test.context.web.ServletTestExecutionListener, org.springframework.test.context.support.DirtiesContextBeforeModesTestExecutionListener, org.springframework.test.context.event.ApplicationEventsTestExecutionListener, org.springframework.test.context.support.DependencyInjectionTestExecutionListener, org.springframework.test.context.support.DirtiesContextTestExecutionListener, org.springframework.test.context.transaction.TransactionalTestExecutionListener, org.springframework.test.context.jdbc.SqlScriptsTestExecutionListener, org.springframework.test.context.event.EventPublishingTestExecutionListener]
2021-05-18 17:52:26.380  INFO 16060 --- [    Test worker] .b.t.c.SpringBootTestContextBootstrapper : Using TestExecutionListeners: [org.springframework.test.context.web.ServletTestExecutionListener@309bd742, org.springframework.test.context.support.DirtiesContextBeforeModesTestExecutionListener@71a2a80e, org.springframework.test.context.event.ApplicationEventsTestExecutionListener@72146362, org.springframework.boot.test.mock.mockito.MockitoTestExecutionListener@1cb8319b, org.springframework.boot.test.autoconfigure.SpringBootDependencyInjectionTestExecutionListener@7277d489, org.springframework.test.context.support.DirtiesContextTestExecutionListener@16f1f011, org.springframework.test.context.transaction.TransactionalTestExecutionListener@472f9ede, org.springframework.test.context.jdbc.SqlScriptsTestExecutionListener@1ac64b49, org.springframework.test.context.event.EventPublishingTestExecutionListener@56591704, org.springframework.boot.test.autoconfigure.restdocs.RestDocsTestExecutionListener@4f3104a6, org.springframework.boot.test.autoconfigure.web.client.MockRestServiceServerResetTestExecutionListener@74d3aaf0, org.springframework.boot.test.autoconfigure.web.servlet.MockMvcPrintOnlyOnFailureTestExecutionListener@5ce72b20, org.springframework.boot.test.autoconfigure.web.servlet.WebDriverTestExecutionListener@4218f68f, org.springframework.boot.test.autoconfigure.webservices.client.MockWebServiceServerTestExecutionListener@54bde5e, org.springframework.boot.test.mock.mockito.ResetMocksTestExecutionListener@6ca6702d]
Hibernate: select * from person where month_of_birthday = ?
Person(id=2, name=B, hobby=null, address=null, birthday=Birthday(yearOfBirthday=1112, monthOfBirthday=5, dayOfBirthday=5), job=null, phoneNumber=null, deleted=false)
Person(id=5, name=E, hobby=null, address=null, birthday=Birthday(yearOfBirthday=1115, monthOfBirthday=5, dayOfBirthday=5), job=null, phoneNumber=null, deleted=false)
Hibernate: select * from Person person where person.deleted = true
Person(id=9, name=T, hobby=null, address=null, birthday=null, job=null, phoneNumber=null, deleted=true)
Hibernate: select person0_.id as id1_1_, person0_.address as address2_1_, person0_.day_of_birthday as day_of_b3_1_, person0_.month_of_birthday as month_of4_1_, person0_.year_of_birthday as year_of_5_1_, person0_.deleted as deleted6_1_, person0_.hobby as hobby7_1_, person0_.job as job8_1_, person0_.name as name9_1_, person0_.phone_number as phone_n10_1_ from person person0_ where ( person0_.deleted = 0) and person0_.name=?
Hibernate: insert into person (id, address, day_of_birthday, month_of_birthday, year_of_birthday, deleted, hobby, job, name, phone_number) values (null, ?, ?, ?, ?, ?, ?, ?, ?, ?)
Hibernate: select person0_.id as id1_1_, person0_.address as address2_1_, person0_.day_of_birthday as day_of_b3_1_, person0_.month_of_birthday as month_of4_1_, person0_.year_of_birthday as year_of_5_1_, person0_.deleted as deleted6_1_, person0_.hobby as hobby7_1_, person0_.job as job8_1_, person0_.name as name9_1_, person0_.phone_number as phone_n10_1_ from person person0_ where ( person0_.deleted = 0) and person0_.name=?
Person(id=11, name=F, hobby=null, address=null, birthday=null, job=null, phoneNumber=null, deleted=false)
Hibernate: select person0_.id as id1_1_0_, person0_.address as address2_1_0_, person0_.day_of_birthday as day_of_b3_1_0_, person0_.month_of_birthday as month_of4_1_0_, person0_.year_of_birthday as year_of_5_1_0_, person0_.deleted as deleted6_1_0_, person0_.hobby as hobby7_1_0_, person0_.job as job8_1_0_, person0_.name as name9_1_0_, person0_.phone_number as phone_n10_1_0_ from person person0_ where person0_.id=? and ( person0_.deleted = 0)
Hibernate: delete from person where id=?
Hibernate: select person0_.id as id1_1_, person0_.address as address2_1_, person0_.day_of_birthday as day_of_b3_1_, person0_.month_of_birthday as month_of4_1_, person0_.year_of_birthday as year_of_5_1_, person0_.deleted as deleted6_1_, person0_.hobby as hobby7_1_, person0_.job as job8_1_, person0_.name as name9_1_, person0_.phone_number as phone_n10_1_ from person person0_ where ( person0_.deleted = 0) and person0_.name=?
]]></system-out>
  <system-err><![CDATA[]]></system-err>
</testsuite>
