<?xml version="1.0" encoding="UTF-8"?>
<testsuite name="com.fastcampus.javaallinone.project3.demo.DemoApplicationTests" tests="1" skipped="0" failures="0" errors="0" timestamp="2021-05-13T02:41:57" hostname="LAPTOP-170P7NSC" time="0.003">
  <properties/>
  <testcase name="contextLoads()" classname="com.fastcampus.javaallinone.project3.demo.DemoApplicationTests" time="0.003"/>
  <system-out><![CDATA[2021-05-13 11:41:57.839  INFO 20212 --- [    Test worker] .b.t.c.SpringBootTestContextBootstrapper : Neither @ContextConfiguration nor @ContextHierarchy found for test class [com.fastcampus.javaallinone.project3.demo.DemoApplicationTests], using SpringBootContextLoader
2021-05-13 11:41:57.840  INFO 20212 --- [    Test worker] o.s.t.c.support.AbstractContextLoader    : Could not detect default resource locations for test class [com.fastcampus.javaallinone.project3.demo.DemoApplicationTests]: no resource found for suffixes {-context.xml, Context.groovy}.
2021-05-13 11:41:57.840  INFO 20212 --- [    Test worker] t.c.s.AnnotationConfigContextLoaderUtils : Could not detect default configuration classes for test class [com.fastcampus.javaallinone.project3.demo.DemoApplicationTests]: DemoApplicationTests does not declare any static, non-private, non-final, nested classes annotated with @Configuration.
2021-05-13 11:41:57.848  INFO 20212 --- [    Test worker] .b.t.c.SpringBootTestContextBootstrapper : Found @SpringBootConfiguration com.fastcampus.javaallinone.project3.demo.DemoApplication for test class com.fastcampus.javaallinone.project3.demo.DemoApplicationTests
2021-05-13 11:41:57.854  INFO 20212 --- [    Test worker] .b.t.c.SpringBootTestContextBootstrapper : Loaded default TestExecutionListener class names from location [META-INF/spring.factories]: [org.springframework.boot.test.autoconfigure.restdocs.RestDocsTestExecutionListener, org.springframework.boot.test.autoconfigure.web.client.MockRestServiceServerResetTestExecutionListener, org.springframework.boot.test.autoconfigure.web.servlet.MockMvcPrintOnlyOnFailureTestExecutionListener, org.springframework.boot.test.autoconfigure.web.servlet.WebDriverTestExecutionListener, org.springframework.boot.test.autoconfigure.webservices.client.MockWebServiceServerTestExecutionListener, org.springframework.boot.test.mock.mockito.MockitoTestExecutionListener, org.springframework.boot.test.mock.mockito.ResetMocksTestExecutionListener, org.springframework.test.context.web.ServletTestExecutionListener, org.springframework.test.context.support.DirtiesContextBeforeModesTestExecutionListener, org.springframework.test.context.event.ApplicationEventsTestExecutionListener, org.springframework.test.context.support.DependencyInjectionTestExecutionListener, org.springframework.test.context.support.DirtiesContextTestExecutionListener, org.springframework.test.context.transaction.TransactionalTestExecutionListener, org.springframework.test.context.jdbc.SqlScriptsTestExecutionListener, org.springframework.test.context.event.EventPublishingTestExecutionListener]
2021-05-13 11:41:57.855  INFO 20212 --- [    Test worker] .b.t.c.SpringBootTestContextBootstrapper : Using TestExecutionListeners: [org.springframework.test.context.web.ServletTestExecutionListener@2a8c023a, org.springframework.test.context.support.DirtiesContextBeforeModesTestExecutionListener@57233a1a, org.springframework.test.context.event.ApplicationEventsTestExecutionListener@743cacb2, org.springframework.boot.test.mock.mockito.MockitoTestExecutionListener@73797391, org.springframework.boot.test.autoconfigure.SpringBootDependencyInjectionTestExecutionListener@39ae3216, org.springframework.test.context.support.DirtiesContextTestExecutionListener@77932cd3, org.springframework.test.context.transaction.TransactionalTestExecutionListener@665b57af, org.springframework.test.context.jdbc.SqlScriptsTestExecutionListener@5e06450e, org.springframework.test.context.event.EventPublishingTestExecutionListener@1670e25a, org.springframework.boot.test.autoconfigure.restdocs.RestDocsTestExecutionListener@78ebb1f3, org.springframework.boot.test.autoconfigure.web.client.MockRestServiceServerResetTestExecutionListener@44b1676e, org.springframework.boot.test.autoconfigure.web.servlet.MockMvcPrintOnlyOnFailureTestExecutionListener@287374c3, org.springframework.boot.test.autoconfigure.web.servlet.WebDriverTestExecutionListener@390031a5, org.springframework.boot.test.autoconfigure.webservices.client.MockWebServiceServerTestExecutionListener@1cc16b5f, org.springframework.boot.test.mock.mockito.ResetMocksTestExecutionListener@5384f5be]
]]></system-out>
  <system-err><![CDATA[]]></system-err>
</testsuite>
