<?xml version="1.0" encoding="UTF-8"?>
<testsuite name="com.fastcampus.javaallinone.project3.demo.DemoApplicationTests" tests="1" skipped="0" failures="0" errors="0" timestamp="2021-05-15T06:44:14" hostname="LAPTOP-170P7NSC" time="0.004">
  <properties/>
  <testcase name="contextLoads()" classname="com.fastcampus.javaallinone.project3.demo.DemoApplicationTests" time="0.004"/>
  <system-out><![CDATA[2021-05-15 15:44:14.797  INFO 4128 --- [    Test worker] .b.t.c.SpringBootTestContextBootstrapper : Neither @ContextConfiguration nor @ContextHierarchy found for test class [com.fastcampus.javaallinone.project3.demo.DemoApplicationTests], using SpringBootContextLoader
2021-05-15 15:44:14.818  INFO 4128 --- [    Test worker] o.s.t.c.support.AbstractContextLoader    : Could not detect default resource locations for test class [com.fastcampus.javaallinone.project3.demo.DemoApplicationTests]: no resource found for suffixes {-context.xml, Context.groovy}.
2021-05-15 15:44:14.818  INFO 4128 --- [    Test worker] t.c.s.AnnotationConfigContextLoaderUtils : Could not detect default configuration classes for test class [com.fastcampus.javaallinone.project3.demo.DemoApplicationTests]: DemoApplicationTests does not declare any static, non-private, non-final, nested classes annotated with @Configuration.
2021-05-15 15:44:14.823  INFO 4128 --- [    Test worker] .b.t.c.SpringBootTestContextBootstrapper : Found @SpringBootConfiguration com.fastcampus.javaallinone.project3.demo.DemoApplication for test class com.fastcampus.javaallinone.project3.demo.DemoApplicationTests
2021-05-15 15:44:14.825  INFO 4128 --- [    Test worker] .b.t.c.SpringBootTestContextBootstrapper : Loaded default TestExecutionListener class names from location [META-INF/spring.factories]: [org.springframework.boot.test.autoconfigure.restdocs.RestDocsTestExecutionListener, org.springframework.boot.test.autoconfigure.web.client.MockRestServiceServerResetTestExecutionListener, org.springframework.boot.test.autoconfigure.web.servlet.MockMvcPrintOnlyOnFailureTestExecutionListener, org.springframework.boot.test.autoconfigure.web.servlet.WebDriverTestExecutionListener, org.springframework.boot.test.autoconfigure.webservices.client.MockWebServiceServerTestExecutionListener, org.springframework.boot.test.mock.mockito.MockitoTestExecutionListener, org.springframework.boot.test.mock.mockito.ResetMocksTestExecutionListener, org.springframework.test.context.web.ServletTestExecutionListener, org.springframework.test.context.support.DirtiesContextBeforeModesTestExecutionListener, org.springframework.test.context.event.ApplicationEventsTestExecutionListener, org.springframework.test.context.support.DependencyInjectionTestExecutionListener, org.springframework.test.context.support.DirtiesContextTestExecutionListener, org.springframework.test.context.transaction.TransactionalTestExecutionListener, org.springframework.test.context.jdbc.SqlScriptsTestExecutionListener, org.springframework.test.context.event.EventPublishingTestExecutionListener]
2021-05-15 15:44:14.825  INFO 4128 --- [    Test worker] .b.t.c.SpringBootTestContextBootstrapper : Using TestExecutionListeners: [org.springframework.test.context.web.ServletTestExecutionListener@6201a354, org.springframework.test.context.support.DirtiesContextBeforeModesTestExecutionListener@3af7037e, org.springframework.test.context.event.ApplicationEventsTestExecutionListener@6334e3af, org.springframework.boot.test.mock.mockito.MockitoTestExecutionListener@62cc205d, org.springframework.boot.test.autoconfigure.SpringBootDependencyInjectionTestExecutionListener@d383453, org.springframework.test.context.support.DirtiesContextTestExecutionListener@fd63a79, org.springframework.test.context.transaction.TransactionalTestExecutionListener@4b3b99b7, org.springframework.test.context.jdbc.SqlScriptsTestExecutionListener@48f69645, org.springframework.test.context.event.EventPublishingTestExecutionListener@420a9a4, org.springframework.boot.test.autoconfigure.restdocs.RestDocsTestExecutionListener@3a1b5eab, org.springframework.boot.test.autoconfigure.web.client.MockRestServiceServerResetTestExecutionListener@2d7a8e7e, org.springframework.boot.test.autoconfigure.web.servlet.MockMvcPrintOnlyOnFailureTestExecutionListener@51c2612a, org.springframework.boot.test.autoconfigure.web.servlet.WebDriverTestExecutionListener@50ae8f3f, org.springframework.boot.test.autoconfigure.webservices.client.MockWebServiceServerTestExecutionListener@30a06d87, org.springframework.boot.test.mock.mockito.ResetMocksTestExecutionListener@49d00c93]
]]></system-out>
  <system-err><![CDATA[]]></system-err>
</testsuite>
