<?xml version="1.0" encoding="UTF-8"?>
<testsuite name="com.fastcampus.javaallinone.project3.demo.repository.PersonRepositoryTest" tests="4" skipped="0" failures="0" errors="0" timestamp="2021-05-11T02:54:37" hostname="LAPTOP-170P7NSC" time="0.184">
  <properties/>
  <testcase name="findByBloodType()" classname="com.fastcampus.javaallinone.project3.demo.repository.PersonRepositoryTest" time="0.065"/>
  <testcase name="findByMonthOfBirthday()" classname="com.fastcampus.javaallinone.project3.demo.repository.PersonRepositoryTest" time="0.065"/>
  <testcase name="crud()" classname="com.fastcampus.javaallinone.project3.demo.repository.PersonRepositoryTest" time="0.044"/>
  <testcase name="hashCodeAndEquals()" classname="com.fastcampus.javaallinone.project3.demo.repository.PersonRepositoryTest" time="0.005"/>
  <system-out><![CDATA[2021-05-11 11:54:37.259  INFO 18076 --- [    Test worker] .b.t.c.SpringBootTestContextBootstrapper : Neither @ContextConfiguration nor @ContextHierarchy found for test class [com.fastcampus.javaallinone.project3.demo.repository.PersonRepositoryTest], using SpringBootContextLoader
2021-05-11 11:54:37.260  INFO 18076 --- [    Test worker] o.s.t.c.support.AbstractContextLoader    : Could not detect default resource locations for test class [com.fastcampus.javaallinone.project3.demo.repository.PersonRepositoryTest]: no resource found for suffixes {-context.xml, Context.groovy}.
2021-05-11 11:54:37.260  INFO 18076 --- [    Test worker] t.c.s.AnnotationConfigContextLoaderUtils : Could not detect default configuration classes for test class [com.fastcampus.javaallinone.project3.demo.repository.PersonRepositoryTest]: PersonRepositoryTest does not declare any static, non-private, non-final, nested classes annotated with @Configuration.
2021-05-11 11:54:37.263  INFO 18076 --- [    Test worker] .b.t.c.SpringBootTestContextBootstrapper : Found @SpringBootConfiguration com.fastcampus.javaallinone.project3.demo.DemoApplication for test class com.fastcampus.javaallinone.project3.demo.repository.PersonRepositoryTest
2021-05-11 11:54:37.265  INFO 18076 --- [    Test worker] .b.t.c.SpringBootTestContextBootstrapper : Loaded default TestExecutionListener class names from location [META-INF/spring.factories]: [org.springframework.boot.test.autoconfigure.restdocs.RestDocsTestExecutionListener, org.springframework.boot.test.autoconfigure.web.client.MockRestServiceServerResetTestExecutionListener, org.springframework.boot.test.autoconfigure.web.servlet.MockMvcPrintOnlyOnFailureTestExecutionListener, org.springframework.boot.test.autoconfigure.web.servlet.WebDriverTestExecutionListener, org.springframework.boot.test.autoconfigure.webservices.client.MockWebServiceServerTestExecutionListener, org.springframework.boot.test.mock.mockito.MockitoTestExecutionListener, org.springframework.boot.test.mock.mockito.ResetMocksTestExecutionListener, org.springframework.test.context.web.ServletTestExecutionListener, org.springframework.test.context.support.DirtiesContextBeforeModesTestExecutionListener, org.springframework.test.context.event.ApplicationEventsTestExecutionListener, org.springframework.test.context.support.DependencyInjectionTestExecutionListener, org.springframework.test.context.support.DirtiesContextTestExecutionListener, org.springframework.test.context.transaction.TransactionalTestExecutionListener, org.springframework.test.context.jdbc.SqlScriptsTestExecutionListener, org.springframework.test.context.event.EventPublishingTestExecutionListener]
2021-05-11 11:54:37.266  INFO 18076 --- [    Test worker] .b.t.c.SpringBootTestContextBootstrapper : Using TestExecutionListeners: [org.springframework.test.context.web.ServletTestExecutionListener@70437ca1, org.springframework.test.context.support.DirtiesContextBeforeModesTestExecutionListener@602fc346, org.springframework.test.context.event.ApplicationEventsTestExecutionListener@708ff055, org.springframework.boot.test.mock.mockito.MockitoTestExecutionListener@8e11dec, org.springframework.boot.test.autoconfigure.SpringBootDependencyInjectionTestExecutionListener@63acde25, org.springframework.test.context.support.DirtiesContextTestExecutionListener@7d0714e5, org.springframework.test.context.transaction.TransactionalTestExecutionListener@72855e48, org.springframework.test.context.jdbc.SqlScriptsTestExecutionListener@720b2389, org.springframework.test.context.event.EventPublishingTestExecutionListener@7753961b, org.springframework.boot.test.autoconfigure.restdocs.RestDocsTestExecutionListener@32361428, org.springframework.boot.test.autoconfigure.web.client.MockRestServiceServerResetTestExecutionListener@6a197b38, org.springframework.boot.test.autoconfigure.web.servlet.MockMvcPrintOnlyOnFailureTestExecutionListener@41a50a99, org.springframework.boot.test.autoconfigure.web.servlet.WebDriverTestExecutionListener@2a2dbff8, org.springframework.boot.test.autoconfigure.webservices.client.MockWebServiceServerTestExecutionListener@283869c1, org.springframework.boot.test.mock.mockito.ResetMocksTestExecutionListener@9591745]
Hibernate: select person0_.id as id1_1_, person0_.address as address2_1_, person0_.age as age3_1_, person0_.day_of_birthday as day_of_b4_1_, person0_.month_of_birthday as month_of5_1_, person0_.year_of_birthday as year_of_6_1_, person0_.block_id as block_i12_1_, person0_.blood_type as blood_ty7_1_, person0_.hobby as hobby8_1_, person0_.job as job9_1_, person0_.name as name10_1_, person0_.phone_number as phone_n11_1_ from person person0_ where person0_.blood_type=?
Hibernate: select block0_.id as id1_0_0_, block0_.end_date as end_date2_0_0_, block0_.name as name3_0_0_, block0_.reason as reason4_0_0_, block0_.start_date as start_da5_0_0_ from block block0_ where block0_.id=?
Hibernate: select * from person where month_of_birthday = ? and day_of_birthday = ?
Person(id=2, name=B, age=4, hobby=null, bloodType=B, address=null, birthday=Birthday(yearOfBirthday=1112, monthOfBirthday=5, dayOfBirthday=5), job=null, block=null)
Person(id=5, name=E, age=1, hobby=null, bloodType=O, address=null, birthday=Birthday(yearOfBirthday=1115, monthOfBirthday=5, dayOfBirthday=5), job=null, block=null)
Hibernate: insert into person (id, address, age, day_of_birthday, month_of_birthday, year_of_birthday, block_id, blood_type, hobby, job, name, phone_number) values (null, ?, ?, ?, ?, ?, ?, ?, ?, ?, ?, ?)
Hibernate: select person0_.id as id1_1_, person0_.address as address2_1_, person0_.age as age3_1_, person0_.day_of_birthday as day_of_b4_1_, person0_.month_of_birthday as month_of5_1_, person0_.year_of_birthday as year_of_6_1_, person0_.block_id as block_i12_1_, person0_.blood_type as blood_ty7_1_, person0_.hobby as hobby8_1_, person0_.job as job9_1_, person0_.name as name10_1_, person0_.phone_number as phone_n11_1_ from person person0_ where person0_.name=?
Person(id=6, name=F, age=11, hobby=null, bloodType=null, address=null, birthday=null, job=null, block=null)
Hibernate: select person0_.id as id1_1_0_, person0_.address as address2_1_0_, person0_.age as age3_1_0_, person0_.day_of_birthday as day_of_b4_1_0_, person0_.month_of_birthday as month_of5_1_0_, person0_.year_of_birthday as year_of_6_1_0_, person0_.block_id as block_i12_1_0_, person0_.blood_type as blood_ty7_1_0_, person0_.hobby as hobby8_1_0_, person0_.job as job9_1_0_, person0_.name as name10_1_0_, person0_.phone_number as phone_n11_1_0_, block1_.id as id1_0_1_, block1_.end_date as end_date2_0_1_, block1_.name as name3_0_1_, block1_.reason as reason4_0_1_, block1_.start_date as start_da5_0_1_ from person person0_ left outer join block block1_ on person0_.block_id=block1_.id where person0_.id=?
Hibernate: delete from person where id=?
true
1720236476
1720236476
{Person(id=null, name=B, age=2, hobby=null, bloodType=B, address=null, birthday=null, job=null, block=null)=2}
2
]]></system-out>
  <system-err><![CDATA[]]></system-err>
</testsuite>
