<?xml version="1.0" encoding="UTF-8"?>
<testsuite name="com.fastcampus.javaallinone.project3.demo.Service.PersonServiceTest" tests="2" skipped="0" failures="0" errors="0" timestamp="2021-05-14T08:32:06" hostname="LAPTOP-170P7NSC" time="0.018">
  <properties/>
  <testcase name="getPerson()" classname="com.fastcampus.javaallinone.project3.demo.Service.PersonServiceTest" time="0.008"/>
  <testcase name="getPeopleByName()" classname="com.fastcampus.javaallinone.project3.demo.Service.PersonServiceTest" time="0.009"/>
  <system-out><![CDATA[2021-05-14 17:32:06.385  INFO 24616 --- [    Test worker] .b.t.c.SpringBootTestContextBootstrapper : Neither @ContextConfiguration nor @ContextHierarchy found for test class [com.fastcampus.javaallinone.project3.demo.Service.PersonServiceTest], using SpringBootContextLoader
2021-05-14 17:32:06.386  INFO 24616 --- [    Test worker] o.s.t.c.support.AbstractContextLoader    : Could not detect default resource locations for test class [com.fastcampus.javaallinone.project3.demo.Service.PersonServiceTest]: no resource found for suffixes {-context.xml, Context.groovy}.
2021-05-14 17:32:06.387  INFO 24616 --- [    Test worker] t.c.s.AnnotationConfigContextLoaderUtils : Could not detect default configuration classes for test class [com.fastcampus.javaallinone.project3.demo.Service.PersonServiceTest]: PersonServiceTest does not declare any static, non-private, non-final, nested classes annotated with @Configuration.
2021-05-14 17:32:06.395  INFO 24616 --- [    Test worker] .b.t.c.SpringBootTestContextBootstrapper : Found @SpringBootConfiguration com.fastcampus.javaallinone.project3.demo.DemoApplication for test class com.fastcampus.javaallinone.project3.demo.Service.PersonServiceTest
2021-05-14 17:32:06.397  INFO 24616 --- [    Test worker] .b.t.c.SpringBootTestContextBootstrapper : Loaded default TestExecutionListener class names from location [META-INF/spring.factories]: [org.springframework.boot.test.autoconfigure.restdocs.RestDocsTestExecutionListener, org.springframework.boot.test.autoconfigure.web.client.MockRestServiceServerResetTestExecutionListener, org.springframework.boot.test.autoconfigure.web.servlet.MockMvcPrintOnlyOnFailureTestExecutionListener, org.springframework.boot.test.autoconfigure.web.servlet.WebDriverTestExecutionListener, org.springframework.boot.test.autoconfigure.webservices.client.MockWebServiceServerTestExecutionListener, org.springframework.boot.test.mock.mockito.MockitoTestExecutionListener, org.springframework.boot.test.mock.mockito.ResetMocksTestExecutionListener, org.springframework.test.context.web.ServletTestExecutionListener, org.springframework.test.context.support.DirtiesContextBeforeModesTestExecutionListener, org.springframework.test.context.event.ApplicationEventsTestExecutionListener, org.springframework.test.context.support.DependencyInjectionTestExecutionListener, org.springframework.test.context.support.DirtiesContextTestExecutionListener, org.springframework.test.context.transaction.TransactionalTestExecutionListener, org.springframework.test.context.jdbc.SqlScriptsTestExecutionListener, org.springframework.test.context.event.EventPublishingTestExecutionListener]
2021-05-14 17:32:06.397  INFO 24616 --- [    Test worker] .b.t.c.SpringBootTestContextBootstrapper : Using TestExecutionListeners: [org.springframework.test.context.web.ServletTestExecutionListener@2aeae2b5, org.springframework.test.context.support.DirtiesContextBeforeModesTestExecutionListener@34c0a029, org.springframework.test.context.event.ApplicationEventsTestExecutionListener@2273d6cf, org.springframework.boot.test.mock.mockito.MockitoTestExecutionListener@743b032d, org.springframework.boot.test.autoconfigure.SpringBootDependencyInjectionTestExecutionListener@939b855, org.springframework.test.context.support.DirtiesContextTestExecutionListener@38c980b3, org.springframework.test.context.transaction.TransactionalTestExecutionListener@430fccb, org.springframework.test.context.jdbc.SqlScriptsTestExecutionListener@28bea50b, org.springframework.test.context.event.EventPublishingTestExecutionListener@6c014b59, org.springframework.boot.test.autoconfigure.restdocs.RestDocsTestExecutionListener@18399272, org.springframework.boot.test.autoconfigure.web.client.MockRestServiceServerResetTestExecutionListener@1becf31a, org.springframework.boot.test.autoconfigure.web.servlet.MockMvcPrintOnlyOnFailureTestExecutionListener@46a78b91, org.springframework.boot.test.autoconfigure.web.servlet.WebDriverTestExecutionListener@209a5b9f, org.springframework.boot.test.autoconfigure.webservices.client.MockWebServiceServerTestExecutionListener@7464f7fc, org.springframework.boot.test.mock.mockito.ResetMocksTestExecutionListener@8ecae49]
Hibernate: select person0_.id as id1_1_0_, person0_.address as address2_1_0_, person0_.day_of_birthday as day_of_b3_1_0_, person0_.month_of_birthday as month_of4_1_0_, person0_.year_of_birthday as year_of_5_1_0_, person0_.deleted as deleted6_1_0_, person0_.hobby as hobby7_1_0_, person0_.job as job8_1_0_, person0_.name as name9_1_0_, person0_.phone_number as phone_n10_1_0_ from person person0_ where person0_.id=?
2021-05-14 17:32:06.405  INFO 24616 --- [    Test worker] c.f.j.p.demo.Service.PersonService       : person : Person(id=3, name=C, hobby=null, address=null, birthday=Birthday(yearOfBirthday=1113, monthOfBirthday=3, dayOfBirthday=3), job=null, phoneNumber=null, deleted=false)
Hibernate: select person0_.id as id1_1_, person0_.address as address2_1_, person0_.day_of_birthday as day_of_b3_1_, person0_.month_of_birthday as month_of4_1_, person0_.year_of_birthday as year_of_5_1_, person0_.deleted as deleted6_1_, person0_.hobby as hobby7_1_, person0_.job as job8_1_, person0_.name as name9_1_, person0_.phone_number as phone_n10_1_ from person person0_ where person0_.name=?
]]></system-out>
  <system-err><![CDATA[]]></system-err>
</testsuite>
