<?xml version="1.0" encoding="UTF-8"?>
<testsuite name="com.fastcampus.javaallinone.project3.demo.DemoApplicationTests" tests="1" skipped="0" failures="0" errors="0" timestamp="2021-05-11T02:54:36" hostname="LAPTOP-170P7NSC" time="0.015">
  <properties/>
  <testcase name="contextLoads()" classname="com.fastcampus.javaallinone.project3.demo.DemoApplicationTests" time="0.015"/>
  <system-out><![CDATA[2021-05-11 11:54:36.849  INFO 18076 --- [    Test worker] .b.t.c.SpringBootTestContextBootstrapper : Neither @ContextConfiguration nor @ContextHierarchy found for test class [com.fastcampus.javaallinone.project3.demo.DemoApplicationTests], using SpringBootContextLoader
2021-05-11 11:54:36.851  INFO 18076 --- [    Test worker] o.s.t.c.support.AbstractContextLoader    : Could not detect default resource locations for test class [com.fastcampus.javaallinone.project3.demo.DemoApplicationTests]: no resource found for suffixes {-context.xml, Context.groovy}.
2021-05-11 11:54:36.852  INFO 18076 --- [    Test worker] t.c.s.AnnotationConfigContextLoaderUtils : Could not detect default configuration classes for test class [com.fastcampus.javaallinone.project3.demo.DemoApplicationTests]: DemoApplicationTests does not declare any static, non-private, non-final, nested classes annotated with @Configuration.
2021-05-11 11:54:36.888  INFO 18076 --- [    Test worker] .b.t.c.SpringBootTestContextBootstrapper : Found @SpringBootConfiguration com.fastcampus.javaallinone.project3.demo.DemoApplication for test class com.fastcampus.javaallinone.project3.demo.DemoApplicationTests
2021-05-11 11:54:36.894  INFO 18076 --- [    Test worker] .b.t.c.SpringBootTestContextBootstrapper : Loaded default TestExecutionListener class names from location [META-INF/spring.factories]: [org.springframework.boot.test.autoconfigure.restdocs.RestDocsTestExecutionListener, org.springframework.boot.test.autoconfigure.web.client.MockRestServiceServerResetTestExecutionListener, org.springframework.boot.test.autoconfigure.web.servlet.MockMvcPrintOnlyOnFailureTestExecutionListener, org.springframework.boot.test.autoconfigure.web.servlet.WebDriverTestExecutionListener, org.springframework.boot.test.autoconfigure.webservices.client.MockWebServiceServerTestExecutionListener, org.springframework.boot.test.mock.mockito.MockitoTestExecutionListener, org.springframework.boot.test.mock.mockito.ResetMocksTestExecutionListener, org.springframework.test.context.web.ServletTestExecutionListener, org.springframework.test.context.support.DirtiesContextBeforeModesTestExecutionListener, org.springframework.test.context.event.ApplicationEventsTestExecutionListener, org.springframework.test.context.support.DependencyInjectionTestExecutionListener, org.springframework.test.context.support.DirtiesContextTestExecutionListener, org.springframework.test.context.transaction.TransactionalTestExecutionListener, org.springframework.test.context.jdbc.SqlScriptsTestExecutionListener, org.springframework.test.context.event.EventPublishingTestExecutionListener]
2021-05-11 11:54:36.896  INFO 18076 --- [    Test worker] .b.t.c.SpringBootTestContextBootstrapper : Using TestExecutionListeners: [org.springframework.test.context.web.ServletTestExecutionListener@6591a183, org.springframework.test.context.support.DirtiesContextBeforeModesTestExecutionListener@64a9eb78, org.springframework.test.context.event.ApplicationEventsTestExecutionListener@19862d70, org.springframework.boot.test.mock.mockito.MockitoTestExecutionListener@53f7c42a, org.springframework.boot.test.autoconfigure.SpringBootDependencyInjectionTestExecutionListener@3b02ea6e, org.springframework.test.context.support.DirtiesContextTestExecutionListener@105b345d, org.springframework.test.context.transaction.TransactionalTestExecutionListener@381e668b, org.springframework.test.context.jdbc.SqlScriptsTestExecutionListener@55252336, org.springframework.test.context.event.EventPublishingTestExecutionListener@7958f266, org.springframework.boot.test.autoconfigure.restdocs.RestDocsTestExecutionListener@30e8c8cc, org.springframework.boot.test.autoconfigure.web.client.MockRestServiceServerResetTestExecutionListener@7b09ca64, org.springframework.boot.test.autoconfigure.web.servlet.MockMvcPrintOnlyOnFailureTestExecutionListener@7c96aa0, org.springframework.boot.test.autoconfigure.web.servlet.WebDriverTestExecutionListener@393c73fd, org.springframework.boot.test.autoconfigure.webservices.client.MockWebServiceServerTestExecutionListener@4f6462be, org.springframework.boot.test.mock.mockito.ResetMocksTestExecutionListener@7a0bdbdc]
]]></system-out>
  <system-err><![CDATA[]]></system-err>
</testsuite>
