<?xml version="1.0" encoding="UTF-8"?>
<testsuite name="com.fastcampus.javaallinone.project3.demo.DemoApplicationTests" tests="1" skipped="0" failures="0" errors="0" timestamp="2021-05-16T14:44:51" hostname="LAPTOP-170P7NSC" time="0.005">
  <properties/>
  <testcase name="contextLoads()" classname="com.fastcampus.javaallinone.project3.demo.DemoApplicationTests" time="0.005"/>
  <system-out><![CDATA[2021-05-16 23:44:51.553  INFO 12540 --- [    Test worker] .b.t.c.SpringBootTestContextBootstrapper : Neither @ContextConfiguration nor @ContextHierarchy found for test class [com.fastcampus.javaallinone.project3.demo.DemoApplicationTests], using SpringBootContextLoader
2021-05-16 23:44:51.555  INFO 12540 --- [    Test worker] o.s.t.c.support.AbstractContextLoader    : Could not detect default resource locations for test class [com.fastcampus.javaallinone.project3.demo.DemoApplicationTests]: no resource found for suffixes {-context.xml, Context.groovy}.
2021-05-16 23:44:51.555  INFO 12540 --- [    Test worker] t.c.s.AnnotationConfigContextLoaderUtils : Could not detect default configuration classes for test class [com.fastcampus.javaallinone.project3.demo.DemoApplicationTests]: DemoApplicationTests does not declare any static, non-private, non-final, nested classes annotated with @Configuration.
2021-05-16 23:44:51.563  INFO 12540 --- [    Test worker] .b.t.c.SpringBootTestContextBootstrapper : Found @SpringBootConfiguration com.fastcampus.javaallinone.project3.demo.DemoApplication for test class com.fastcampus.javaallinone.project3.demo.DemoApplicationTests
2021-05-16 23:44:51.565  INFO 12540 --- [    Test worker] .b.t.c.SpringBootTestContextBootstrapper : Loaded default TestExecutionListener class names from location [META-INF/spring.factories]: [org.springframework.boot.test.autoconfigure.restdocs.RestDocsTestExecutionListener, org.springframework.boot.test.autoconfigure.web.client.MockRestServiceServerResetTestExecutionListener, org.springframework.boot.test.autoconfigure.web.servlet.MockMvcPrintOnlyOnFailureTestExecutionListener, org.springframework.boot.test.autoconfigure.web.servlet.WebDriverTestExecutionListener, org.springframework.boot.test.autoconfigure.webservices.client.MockWebServiceServerTestExecutionListener, org.springframework.boot.test.mock.mockito.MockitoTestExecutionListener, org.springframework.boot.test.mock.mockito.ResetMocksTestExecutionListener, org.springframework.test.context.web.ServletTestExecutionListener, org.springframework.test.context.support.DirtiesContextBeforeModesTestExecutionListener, org.springframework.test.context.event.ApplicationEventsTestExecutionListener, org.springframework.test.context.support.DependencyInjectionTestExecutionListener, org.springframework.test.context.support.DirtiesContextTestExecutionListener, org.springframework.test.context.transaction.TransactionalTestExecutionListener, org.springframework.test.context.jdbc.SqlScriptsTestExecutionListener, org.springframework.test.context.event.EventPublishingTestExecutionListener]
2021-05-16 23:44:51.566  INFO 12540 --- [    Test worker] .b.t.c.SpringBootTestContextBootstrapper : Using TestExecutionListeners: [org.springframework.test.context.web.ServletTestExecutionListener@72146362, org.springframework.test.context.support.DirtiesContextBeforeModesTestExecutionListener@1cb8319b, org.springframework.test.context.event.ApplicationEventsTestExecutionListener@7277d489, org.springframework.boot.test.mock.mockito.MockitoTestExecutionListener@16f1f011, org.springframework.boot.test.autoconfigure.SpringBootDependencyInjectionTestExecutionListener@472f9ede, org.springframework.test.context.support.DirtiesContextTestExecutionListener@1ac64b49, org.springframework.test.context.transaction.TransactionalTestExecutionListener@56591704, org.springframework.test.context.jdbc.SqlScriptsTestExecutionListener@4f3104a6, org.springframework.test.context.event.EventPublishingTestExecutionListener@74d3aaf0, org.springframework.boot.test.autoconfigure.restdocs.RestDocsTestExecutionListener@5ce72b20, org.springframework.boot.test.autoconfigure.web.client.MockRestServiceServerResetTestExecutionListener@4218f68f, org.springframework.boot.test.autoconfigure.web.servlet.MockMvcPrintOnlyOnFailureTestExecutionListener@54bde5e, org.springframework.boot.test.autoconfigure.web.servlet.WebDriverTestExecutionListener@6ca6702d, org.springframework.boot.test.autoconfigure.webservices.client.MockWebServiceServerTestExecutionListener@97de8b2, org.springframework.boot.test.mock.mockito.ResetMocksTestExecutionListener@c54cb9c]
]]></system-out>
  <system-err><![CDATA[]]></system-err>
</testsuite>
