<?xml version="1.0" encoding="UTF-8"?>
<testsuite name="com.fastcampus.javaallinone.project3.demo.controller.PersonControllerTest" tests="5" skipped="0" failures="0" errors="0" timestamp="2021-05-13T02:41:57" hostname="LAPTOP-170P7NSC" time="0.642">
  <properties/>
  <testcase name="deletePerson()" classname="com.fastcampus.javaallinone.project3.demo.controller.PersonControllerTest" time="0.325"/>
  <testcase name="modifyPerson()" classname="com.fastcampus.javaallinone.project3.demo.controller.PersonControllerTest" time="0.111"/>
  <testcase name="getPerson()" classname="com.fastcampus.javaallinone.project3.demo.controller.PersonControllerTest" time="0.095"/>
  <testcase name="modifyName()" classname="com.fastcampus.javaallinone.project3.demo.controller.PersonControllerTest" time="0.055"/>
  <testcase name="postPerson()" classname="com.fastcampus.javaallinone.project3.demo.controller.PersonControllerTest" time="0.052"/>
  <system-out><![CDATA[2021-05-13 11:41:57.176  INFO 20212 --- [    Test worker] .b.t.c.SpringBootTestContextBootstrapper : Neither @ContextConfiguration nor @ContextHierarchy found for test class [com.fastcampus.javaallinone.project3.demo.controller.PersonControllerTest], using SpringBootContextLoader
2021-05-13 11:41:57.176  INFO 20212 --- [    Test worker] o.s.t.c.support.AbstractContextLoader    : Could not detect default resource locations for test class [com.fastcampus.javaallinone.project3.demo.controller.PersonControllerTest]: no resource found for suffixes {-context.xml, Context.groovy}.
2021-05-13 11:41:57.181  INFO 20212 --- [    Test worker] t.c.s.AnnotationConfigContextLoaderUtils : Could not detect default configuration classes for test class [com.fastcampus.javaallinone.project3.demo.controller.PersonControllerTest]: PersonControllerTest does not declare any static, non-private, non-final, nested classes annotated with @Configuration.
2021-05-13 11:41:57.184  INFO 20212 --- [    Test worker] .b.t.c.SpringBootTestContextBootstrapper : Found @SpringBootConfiguration com.fastcampus.javaallinone.project3.demo.DemoApplication for test class com.fastcampus.javaallinone.project3.demo.controller.PersonControllerTest
2021-05-13 11:41:57.187  INFO 20212 --- [    Test worker] .b.t.c.SpringBootTestContextBootstrapper : Loaded default TestExecutionListener class names from location [META-INF/spring.factories]: [org.springframework.boot.test.autoconfigure.restdocs.RestDocsTestExecutionListener, org.springframework.boot.test.autoconfigure.web.client.MockRestServiceServerResetTestExecutionListener, org.springframework.boot.test.autoconfigure.web.servlet.MockMvcPrintOnlyOnFailureTestExecutionListener, org.springframework.boot.test.autoconfigure.web.servlet.WebDriverTestExecutionListener, org.springframework.boot.test.autoconfigure.webservices.client.MockWebServiceServerTestExecutionListener, org.springframework.boot.test.mock.mockito.MockitoTestExecutionListener, org.springframework.boot.test.mock.mockito.ResetMocksTestExecutionListener, org.springframework.test.context.web.ServletTestExecutionListener, org.springframework.test.context.support.DirtiesContextBeforeModesTestExecutionListener, org.springframework.test.context.event.ApplicationEventsTestExecutionListener, org.springframework.test.context.support.DependencyInjectionTestExecutionListener, org.springframework.test.context.support.DirtiesContextTestExecutionListener, org.springframework.test.context.transaction.TransactionalTestExecutionListener, org.springframework.test.context.jdbc.SqlScriptsTestExecutionListener, org.springframework.test.context.event.EventPublishingTestExecutionListener]
2021-05-13 11:41:57.187  INFO 20212 --- [    Test worker] .b.t.c.SpringBootTestContextBootstrapper : Using TestExecutionListeners: [org.springframework.test.context.web.ServletTestExecutionListener@56341f84, org.springframework.test.context.support.DirtiesContextBeforeModesTestExecutionListener@419070e2, org.springframework.test.context.event.ApplicationEventsTestExecutionListener@860a051, org.springframework.boot.test.mock.mockito.MockitoTestExecutionListener@23f3a1ce, org.springframework.boot.test.autoconfigure.SpringBootDependencyInjectionTestExecutionListener@554d420b, org.springframework.test.context.support.DirtiesContextTestExecutionListener@17982f20, org.springframework.test.context.transaction.TransactionalTestExecutionListener@1a7767aa, org.springframework.test.context.jdbc.SqlScriptsTestExecutionListener@24b458fb, org.springframework.test.context.event.EventPublishingTestExecutionListener@1b560b7c, org.springframework.boot.test.autoconfigure.restdocs.RestDocsTestExecutionListener@4d61c619, org.springframework.boot.test.autoconfigure.web.client.MockRestServiceServerResetTestExecutionListener@6c0aa228, org.springframework.boot.test.autoconfigure.web.servlet.MockMvcPrintOnlyOnFailureTestExecutionListener@6a7f4cd2, org.springframework.boot.test.autoconfigure.web.servlet.WebDriverTestExecutionListener@41d9b70a, org.springframework.boot.test.autoconfigure.webservices.client.MockWebServiceServerTestExecutionListener@24be026, org.springframework.boot.test.mock.mockito.ResetMocksTestExecutionListener@3be909a5]
2021-05-13 11:41:57.206  INFO 20212 --- [    Test worker] o.s.t.c.transaction.TransactionContext   : Began transaction (1) for test context [DefaultTestContext@50b54377 testClass = PersonControllerTest, testInstance = com.fastcampus.javaallinone.project3.demo.controller.PersonControllerTest@5ab438bc, testMethod = deletePerson@PersonControllerTest, testException = [null], mergedContextConfiguration = [WebMergedContextConfiguration@55bf2ae2 testClass = PersonControllerTest, locations = '{}', classes = '{class com.fastcampus.javaallinone.project3.demo.DemoApplication}', contextInitializerClasses = '[]', activeProfiles = '{}', propertySourceLocations = '{}', propertySourceProperties = '{org.springframework.boot.test.context.SpringBootTestContextBootstrapper=true}', contextCustomizers = set[org.springframework.boot.test.autoconfigure.actuate.metrics.MetricsExportContextCustomizerFactory$DisableMetricExportContextCustomizer@50cc2523, org.springframework.boot.test.autoconfigure.properties.PropertyMappingContextCustomizer@0, org.springframework.boot.test.autoconfigure.web.servlet.WebDriverContextCustomizerFactory$Customizer@1c073911, org.springframework.boot.test.context.filter.ExcludeFilterContextCustomizer@193a2de9, org.springframework.boot.test.json.DuplicateJsonObjectContextCustomizerFactory$DuplicateJsonObjectContextCustomizer@19ace8c1, org.springframework.boot.test.mock.mockito.MockitoContextCustomizer@0, org.springframework.boot.test.web.client.TestRestTemplateContextCustomizer@187908c3, org.springframework.boot.test.context.SpringBootTestArgs@1, org.springframework.boot.test.context.SpringBootTestWebEnvironment@115f51c2], resourceBasePath = 'src/main/webapp', contextLoader = 'org.springframework.boot.test.context.SpringBootContextLoader', parent = [null]], attributes = map['org.springframework.test.context.web.ServletTestExecutionListener.activateListener' -> true, 'org.springframework.test.context.web.ServletTestExecutionListener.populatedRequestContextHolder' -> true, 'org.springframework.test.context.web.ServletTestExecutionListener.resetRequestContextHolder' -> true, 'org.springframework.test.context.event.ApplicationEventsTestExecutionListener.recordApplicationEvents' -> false]]; transaction manager [org.springframework.orm.jpa.JpaTransactionManager@337b4898]; rollback [true]
2021-05-13 11:41:57.219  INFO 20212 --- [    Test worker] o.s.mock.web.MockServletContext          : Initializing Spring TestDispatcherServlet ''
2021-05-13 11:41:57.219  INFO 20212 --- [    Test worker] o.s.t.web.servlet.TestDispatcherServlet  : Initializing Servlet ''
2021-05-13 11:41:57.219  INFO 20212 --- [    Test worker] o.s.t.web.servlet.TestDispatcherServlet  : Completed initialization in 0 ms
Hibernate: select person0_.id as id1_1_0_, person0_.address as address2_1_0_, person0_.day_of_birthday as day_of_b3_1_0_, person0_.month_of_birthday as month_of4_1_0_, person0_.year_of_birthday as year_of_5_1_0_, person0_.deleted as deleted6_1_0_, person0_.hobby as hobby7_1_0_, person0_.job as job8_1_0_, person0_.name as name9_1_0_, person0_.phone_number as phone_n10_1_0_ from person person0_ where person0_.id=?
Hibernate: update person set address=?, day_of_birthday=?, month_of_birthday=?, year_of_birthday=?, deleted=?, hobby=?, job=?, name=?, phone_number=? where id=?
Hibernate: select person0_.id as id1_1_, person0_.address as address2_1_, person0_.day_of_birthday as day_of_b3_1_, person0_.month_of_birthday as month_of4_1_, person0_.year_of_birthday as year_of_5_1_, person0_.deleted as deleted6_1_, person0_.hobby as hobby7_1_, person0_.job as job8_1_, person0_.name as name9_1_, person0_.phone_number as phone_n10_1_ from person person0_
Person(id=1, name=A, hobby=null, address=null, birthday=Birthday(yearOfBirthday=1111, monthOfBirthday=1, dayOfBirthday=1), job=null, phoneNumber=null, deleted=true)
Person(id=2, name=B, hobby=null, address=null, birthday=Birthday(yearOfBirthday=1112, monthOfBirthday=5, dayOfBirthday=5), job=null, phoneNumber=null, deleted=false)
Person(id=3, name=C, hobby=null, address=null, birthday=Birthday(yearOfBirthday=1113, monthOfBirthday=3, dayOfBirthday=3), job=null, phoneNumber=null, deleted=false)
Person(id=4, name=D, hobby=null, address=null, birthday=Birthday(yearOfBirthday=1114, monthOfBirthday=4, dayOfBirthday=4), job=null, phoneNumber=null, deleted=false)
Person(id=5, name=E, hobby=null, address=null, birthday=Birthday(yearOfBirthday=1115, monthOfBirthday=5, dayOfBirthday=5), job=null, phoneNumber=null, deleted=false)

MockHttpServletRequest:
      HTTP Method = DELETE
      Request URI = /api/person/1
       Parameters = {}
          Headers = []
             Body = <no character encoding set>
    Session Attrs = {}

Handler:
             Type = com.fastcampus.javaallinone.project3.demo.controller.PersonController
           Method = com.fastcampus.javaallinone.project3.demo.controller.PersonController#deletePerson(Long)

Async:
    Async started = false
     Async result = null

Resolved Exception:
             Type = null

ModelAndView:
        View name = null
             View = null
            Model = null

FlashMap:
       Attributes = null

MockHttpServletResponse:
           Status = 200
    Error message = null
          Headers = []
     Content type = null
             Body = 
    Forwarded URL = null
   Redirected URL = null
          Cookies = []
2021-05-13 11:41:57.517  INFO 20212 --- [    Test worker] o.s.t.c.transaction.TransactionContext   : Rolled back transaction for test: [DefaultTestContext@50b54377 testClass = PersonControllerTest, testInstance = com.fastcampus.javaallinone.project3.demo.controller.PersonControllerTest@5ab438bc, testMethod = deletePerson@PersonControllerTest, testException = [null], mergedContextConfiguration = [WebMergedContextConfiguration@55bf2ae2 testClass = PersonControllerTest, locations = '{}', classes = '{class com.fastcampus.javaallinone.project3.demo.DemoApplication}', contextInitializerClasses = '[]', activeProfiles = '{}', propertySourceLocations = '{}', propertySourceProperties = '{org.springframework.boot.test.context.SpringBootTestContextBootstrapper=true}', contextCustomizers = set[org.springframework.boot.test.autoconfigure.actuate.metrics.MetricsExportContextCustomizerFactory$DisableMetricExportContextCustomizer@50cc2523, org.springframework.boot.test.autoconfigure.properties.PropertyMappingContextCustomizer@0, org.springframework.boot.test.autoconfigure.web.servlet.WebDriverContextCustomizerFactory$Customizer@1c073911, org.springframework.boot.test.context.filter.ExcludeFilterContextCustomizer@193a2de9, org.springframework.boot.test.json.DuplicateJsonObjectContextCustomizerFactory$DuplicateJsonObjectContextCustomizer@19ace8c1, org.springframework.boot.test.mock.mockito.MockitoContextCustomizer@0, org.springframework.boot.test.web.client.TestRestTemplateContextCustomizer@187908c3, org.springframework.boot.test.context.SpringBootTestArgs@1, org.springframework.boot.test.context.SpringBootTestWebEnvironment@115f51c2], resourceBasePath = 'src/main/webapp', contextLoader = 'org.springframework.boot.test.context.SpringBootContextLoader', parent = [null]], attributes = map['org.springframework.test.context.web.ServletTestExecutionListener.activateListener' -> true, 'org.springframework.test.context.web.ServletTestExecutionListener.populatedRequestContextHolder' -> true, 'org.springframework.test.context.web.ServletTestExecutionListener.resetRequestContextHolder' -> true, 'org.springframework.test.context.event.ApplicationEventsTestExecutionListener.recordApplicationEvents' -> false]]
2021-05-13 11:41:57.523  INFO 20212 --- [    Test worker] o.s.t.c.transaction.TransactionContext   : Began transaction (1) for test context [DefaultTestContext@50b54377 testClass = PersonControllerTest, testInstance = com.fastcampus.javaallinone.project3.demo.controller.PersonControllerTest@e247695, testMethod = modifyPerson@PersonControllerTest, testException = [null], mergedContextConfiguration = [WebMergedContextConfiguration@55bf2ae2 testClass = PersonControllerTest, locations = '{}', classes = '{class com.fastcampus.javaallinone.project3.demo.DemoApplication}', contextInitializerClasses = '[]', activeProfiles = '{}', propertySourceLocations = '{}', propertySourceProperties = '{org.springframework.boot.test.context.SpringBootTestContextBootstrapper=true}', contextCustomizers = set[org.springframework.boot.test.autoconfigure.actuate.metrics.MetricsExportContextCustomizerFactory$DisableMetricExportContextCustomizer@50cc2523, org.springframework.boot.test.autoconfigure.properties.PropertyMappingContextCustomizer@0, org.springframework.boot.test.autoconfigure.web.servlet.WebDriverContextCustomizerFactory$Customizer@1c073911, org.springframework.boot.test.context.filter.ExcludeFilterContextCustomizer@193a2de9, org.springframework.boot.test.json.DuplicateJsonObjectContextCustomizerFactory$DuplicateJsonObjectContextCustomizer@19ace8c1, org.springframework.boot.test.mock.mockito.MockitoContextCustomizer@0, org.springframework.boot.test.web.client.TestRestTemplateContextCustomizer@187908c3, org.springframework.boot.test.context.SpringBootTestArgs@1, org.springframework.boot.test.context.SpringBootTestWebEnvironment@115f51c2], resourceBasePath = 'src/main/webapp', contextLoader = 'org.springframework.boot.test.context.SpringBootContextLoader', parent = [null]], attributes = map['org.springframework.test.context.web.ServletTestExecutionListener.activateListener' -> true, 'org.springframework.test.context.web.ServletTestExecutionListener.populatedRequestContextHolder' -> true, 'org.springframework.test.context.web.ServletTestExecutionListener.resetRequestContextHolder' -> true, 'org.springframework.test.context.event.ApplicationEventsTestExecutionListener.recordApplicationEvents' -> false]]; transaction manager [org.springframework.orm.jpa.JpaTransactionManager@337b4898]; rollback [true]
2021-05-13 11:41:57.531  INFO 20212 --- [    Test worker] o.s.mock.web.MockServletContext          : Initializing Spring TestDispatcherServlet ''
2021-05-13 11:41:57.531  INFO 20212 --- [    Test worker] o.s.t.web.servlet.TestDispatcherServlet  : Initializing Servlet ''
2021-05-13 11:41:57.531  INFO 20212 --- [    Test worker] o.s.t.web.servlet.TestDispatcherServlet  : Completed initialization in 0 ms
Hibernate: select person0_.id as id1_1_0_, person0_.address as address2_1_0_, person0_.day_of_birthday as day_of_b3_1_0_, person0_.month_of_birthday as month_of4_1_0_, person0_.year_of_birthday as year_of_5_1_0_, person0_.deleted as deleted6_1_0_, person0_.hobby as hobby7_1_0_, person0_.job as job8_1_0_, person0_.name as name9_1_0_, person0_.phone_number as phone_n10_1_0_ from person person0_ where person0_.id=?
Hibernate: select person0_.id as id1_1_, person0_.address as address2_1_, person0_.day_of_birthday as day_of_b3_1_, person0_.month_of_birthday as month_of4_1_, person0_.year_of_birthday as year_of_5_1_, person0_.deleted as deleted6_1_, person0_.hobby as hobby7_1_, person0_.job as job8_1_, person0_.name as name9_1_, person0_.phone_number as phone_n10_1_ from person person0_
[Person(id=1, name=A, hobby=null, address=null, birthday=Birthday(yearOfBirthday=1111, monthOfBirthday=1, dayOfBirthday=1), job=null, phoneNumber=null, deleted=false), Person(id=2, name=B, hobby=null, address=null, birthday=Birthday(yearOfBirthday=1112, monthOfBirthday=5, dayOfBirthday=5), job=null, phoneNumber=null, deleted=false), Person(id=3, name=C, hobby=null, address=null, birthday=Birthday(yearOfBirthday=1113, monthOfBirthday=3, dayOfBirthday=3), job=null, phoneNumber=null, deleted=false), Person(id=4, name=D, hobby=null, address=null, birthday=Birthday(yearOfBirthday=1114, monthOfBirthday=4, dayOfBirthday=4), job=null, phoneNumber=null, deleted=false), Person(id=5, name=E, hobby=null, address=null, birthday=Birthday(yearOfBirthday=1115, monthOfBirthday=5, dayOfBirthday=5), job=null, phoneNumber=null, deleted=false)]
Hibernate: select person0_.id as id1_1_, person0_.address as address2_1_, person0_.day_of_birthday as day_of_b3_1_, person0_.month_of_birthday as month_of4_1_, person0_.year_of_birthday as year_of_5_1_, person0_.deleted as deleted6_1_, person0_.hobby as hobby7_1_, person0_.job as job8_1_, person0_.name as name9_1_, person0_.phone_number as phone_n10_1_ from person person0_
2021-05-13 11:41:57.620  INFO 20212 --- [    Test worker] c.f.j.p.d.controller.PersonController    : person : [Person(id=1, name=A, hobby=null, address=null, birthday=Birthday(yearOfBirthday=1111, monthOfBirthday=1, dayOfBirthday=1), job=null, phoneNumber=null, deleted=false), Person(id=2, name=B, hobby=null, address=null, birthday=Birthday(yearOfBirthday=1112, monthOfBirthday=5, dayOfBirthday=5), job=null, phoneNumber=null, deleted=false), Person(id=3, name=C, hobby=null, address=null, birthday=Birthday(yearOfBirthday=1113, monthOfBirthday=3, dayOfBirthday=3), job=null, phoneNumber=null, deleted=false), Person(id=4, name=D, hobby=null, address=null, birthday=Birthday(yearOfBirthday=1114, monthOfBirthday=4, dayOfBirthday=4), job=null, phoneNumber=null, deleted=false), Person(id=5, name=E, hobby=null, address=null, birthday=Birthday(yearOfBirthday=1115, monthOfBirthday=5, dayOfBirthday=5), job=null, phoneNumber=null, deleted=false)]

MockHttpServletRequest:
      HTTP Method = PUT
      Request URI = /api/person/1
       Parameters = {}
          Headers = [Content-Type:"application/json", Content-Length:"50"]
             Body = <no character encoding set>
    Session Attrs = {}

Handler:
             Type = com.fastcampus.javaallinone.project3.demo.controller.PersonController
           Method = com.fastcampus.javaallinone.project3.demo.controller.PersonController#modifyPerson(Long, PersonDto)

Async:
    Async started = false
     Async result = null

Resolved Exception:
             Type = null

ModelAndView:
        View name = null
             View = null
            Model = null

FlashMap:
       Attributes = null

MockHttpServletResponse:
           Status = 200
    Error message = null
          Headers = []
     Content type = null
             Body = 
    Forwarded URL = null
   Redirected URL = null
          Cookies = []
2021-05-13 11:41:57.630  INFO 20212 --- [    Test worker] o.s.t.c.transaction.TransactionContext   : Rolled back transaction for test: [DefaultTestContext@50b54377 testClass = PersonControllerTest, testInstance = com.fastcampus.javaallinone.project3.demo.controller.PersonControllerTest@e247695, testMethod = modifyPerson@PersonControllerTest, testException = [null], mergedContextConfiguration = [WebMergedContextConfiguration@55bf2ae2 testClass = PersonControllerTest, locations = '{}', classes = '{class com.fastcampus.javaallinone.project3.demo.DemoApplication}', contextInitializerClasses = '[]', activeProfiles = '{}', propertySourceLocations = '{}', propertySourceProperties = '{org.springframework.boot.test.context.SpringBootTestContextBootstrapper=true}', contextCustomizers = set[org.springframework.boot.test.autoconfigure.actuate.metrics.MetricsExportContextCustomizerFactory$DisableMetricExportContextCustomizer@50cc2523, org.springframework.boot.test.autoconfigure.properties.PropertyMappingContextCustomizer@0, org.springframework.boot.test.autoconfigure.web.servlet.WebDriverContextCustomizerFactory$Customizer@1c073911, org.springframework.boot.test.context.filter.ExcludeFilterContextCustomizer@193a2de9, org.springframework.boot.test.json.DuplicateJsonObjectContextCustomizerFactory$DuplicateJsonObjectContextCustomizer@19ace8c1, org.springframework.boot.test.mock.mockito.MockitoContextCustomizer@0, org.springframework.boot.test.web.client.TestRestTemplateContextCustomizer@187908c3, org.springframework.boot.test.context.SpringBootTestArgs@1, org.springframework.boot.test.context.SpringBootTestWebEnvironment@115f51c2], resourceBasePath = 'src/main/webapp', contextLoader = 'org.springframework.boot.test.context.SpringBootContextLoader', parent = [null]], attributes = map['org.springframework.test.context.web.ServletTestExecutionListener.activateListener' -> true, 'org.springframework.test.context.web.ServletTestExecutionListener.populatedRequestContextHolder' -> true, 'org.springframework.test.context.web.ServletTestExecutionListener.resetRequestContextHolder' -> true, 'org.springframework.test.context.event.ApplicationEventsTestExecutionListener.recordApplicationEvents' -> false]]
2021-05-13 11:41:57.634  INFO 20212 --- [    Test worker] o.s.t.c.transaction.TransactionContext   : Began transaction (1) for test context [DefaultTestContext@50b54377 testClass = PersonControllerTest, testInstance = com.fastcampus.javaallinone.project3.demo.controller.PersonControllerTest@481579aa, testMethod = getPerson@PersonControllerTest, testException = [null], mergedContextConfiguration = [WebMergedContextConfiguration@55bf2ae2 testClass = PersonControllerTest, locations = '{}', classes = '{class com.fastcampus.javaallinone.project3.demo.DemoApplication}', contextInitializerClasses = '[]', activeProfiles = '{}', propertySourceLocations = '{}', propertySourceProperties = '{org.springframework.boot.test.context.SpringBootTestContextBootstrapper=true}', contextCustomizers = set[org.springframework.boot.test.autoconfigure.actuate.metrics.MetricsExportContextCustomizerFactory$DisableMetricExportContextCustomizer@50cc2523, org.springframework.boot.test.autoconfigure.properties.PropertyMappingContextCustomizer@0, org.springframework.boot.test.autoconfigure.web.servlet.WebDriverContextCustomizerFactory$Customizer@1c073911, org.springframework.boot.test.context.filter.ExcludeFilterContextCustomizer@193a2de9, org.springframework.boot.test.json.DuplicateJsonObjectContextCustomizerFactory$DuplicateJsonObjectContextCustomizer@19ace8c1, org.springframework.boot.test.mock.mockito.MockitoContextCustomizer@0, org.springframework.boot.test.web.client.TestRestTemplateContextCustomizer@187908c3, org.springframework.boot.test.context.SpringBootTestArgs@1, org.springframework.boot.test.context.SpringBootTestWebEnvironment@115f51c2], resourceBasePath = 'src/main/webapp', contextLoader = 'org.springframework.boot.test.context.SpringBootContextLoader', parent = [null]], attributes = map['org.springframework.test.context.web.ServletTestExecutionListener.activateListener' -> true, 'org.springframework.test.context.web.ServletTestExecutionListener.populatedRequestContextHolder' -> true, 'org.springframework.test.context.web.ServletTestExecutionListener.resetRequestContextHolder' -> true, 'org.springframework.test.context.event.ApplicationEventsTestExecutionListener.recordApplicationEvents' -> false]]; transaction manager [org.springframework.orm.jpa.JpaTransactionManager@337b4898]; rollback [true]
2021-05-13 11:41:57.646  INFO 20212 --- [    Test worker] o.s.mock.web.MockServletContext          : Initializing Spring TestDispatcherServlet ''
2021-05-13 11:41:57.647  INFO 20212 --- [    Test worker] o.s.t.web.servlet.TestDispatcherServlet  : Initializing Servlet ''
2021-05-13 11:41:57.648  INFO 20212 --- [    Test worker] o.s.t.web.servlet.TestDispatcherServlet  : Completed initialization in 0 ms
2021-05-13 11:41:57.657  INFO 20212 --- [    Test worker] o.s.mock.web.MockServletContext          : Initializing Spring TestDispatcherServlet ''
2021-05-13 11:41:57.657  INFO 20212 --- [    Test worker] o.s.t.web.servlet.TestDispatcherServlet  : Initializing Servlet ''
2021-05-13 11:41:57.657  INFO 20212 --- [    Test worker] o.s.t.web.servlet.TestDispatcherServlet  : Completed initialization in 0 ms
Hibernate: select person0_.id as id1_1_0_, person0_.address as address2_1_0_, person0_.day_of_birthday as day_of_b3_1_0_, person0_.month_of_birthday as month_of4_1_0_, person0_.year_of_birthday as year_of_5_1_0_, person0_.deleted as deleted6_1_0_, person0_.hobby as hobby7_1_0_, person0_.job as job8_1_0_, person0_.name as name9_1_0_, person0_.phone_number as phone_n10_1_0_ from person person0_ where person0_.id=?
2021-05-13 11:41:57.662  INFO 20212 --- [    Test worker] c.f.j.p.demo.Service.PersonService       : person : Person(id=1, name=A, hobby=null, address=null, birthday=Birthday(yearOfBirthday=1111, monthOfBirthday=1, dayOfBirthday=1), job=null, phoneNumber=null, deleted=false)

MockHttpServletRequest:
      HTTP Method = GET
      Request URI = /api/person/1
       Parameters = {}
          Headers = []
             Body = <no character encoding set>
    Session Attrs = {}

Handler:
             Type = com.fastcampus.javaallinone.project3.demo.controller.PersonController
           Method = com.fastcampus.javaallinone.project3.demo.controller.PersonController#getPerson(Long)

Async:
    Async started = false
     Async result = null

Resolved Exception:
             Type = null

ModelAndView:
        View name = null
             View = null
            Model = null

FlashMap:
       Attributes = null

MockHttpServletResponse:
           Status = 200
    Error message = null
          Headers = [Content-Type:"application/json"]
     Content type = application/json
             Body = {"id":1,"name":"A","hobby":null,"address":null,"birthday":{"yearOfBirthday":1111,"monthOfBirthday":1,"dayOfBirthday":1},"job":null,"phoneNumber":null,"deleted":false,"birthdayToday":false,"age":911}
    Forwarded URL = null
   Redirected URL = null
          Cookies = []
2021-05-13 11:41:57.726  INFO 20212 --- [    Test worker] o.s.t.c.transaction.TransactionContext   : Rolled back transaction for test: [DefaultTestContext@50b54377 testClass = PersonControllerTest, testInstance = com.fastcampus.javaallinone.project3.demo.controller.PersonControllerTest@481579aa, testMethod = getPerson@PersonControllerTest, testException = [null], mergedContextConfiguration = [WebMergedContextConfiguration@55bf2ae2 testClass = PersonControllerTest, locations = '{}', classes = '{class com.fastcampus.javaallinone.project3.demo.DemoApplication}', contextInitializerClasses = '[]', activeProfiles = '{}', propertySourceLocations = '{}', propertySourceProperties = '{org.springframework.boot.test.context.SpringBootTestContextBootstrapper=true}', contextCustomizers = set[org.springframework.boot.test.autoconfigure.actuate.metrics.MetricsExportContextCustomizerFactory$DisableMetricExportContextCustomizer@50cc2523, org.springframework.boot.test.autoconfigure.properties.PropertyMappingContextCustomizer@0, org.springframework.boot.test.autoconfigure.web.servlet.WebDriverContextCustomizerFactory$Customizer@1c073911, org.springframework.boot.test.context.filter.ExcludeFilterContextCustomizer@193a2de9, org.springframework.boot.test.json.DuplicateJsonObjectContextCustomizerFactory$DuplicateJsonObjectContextCustomizer@19ace8c1, org.springframework.boot.test.mock.mockito.MockitoContextCustomizer@0, org.springframework.boot.test.web.client.TestRestTemplateContextCustomizer@187908c3, org.springframework.boot.test.context.SpringBootTestArgs@1, org.springframework.boot.test.context.SpringBootTestWebEnvironment@115f51c2], resourceBasePath = 'src/main/webapp', contextLoader = 'org.springframework.boot.test.context.SpringBootContextLoader', parent = [null]], attributes = map['org.springframework.test.context.web.ServletTestExecutionListener.activateListener' -> true, 'org.springframework.test.context.web.ServletTestExecutionListener.populatedRequestContextHolder' -> true, 'org.springframework.test.context.web.ServletTestExecutionListener.resetRequestContextHolder' -> true, 'org.springframework.test.context.event.ApplicationEventsTestExecutionListener.recordApplicationEvents' -> false]]
2021-05-13 11:41:57.726  INFO 20212 --- [    Test worker] o.s.t.c.transaction.TransactionContext   : Began transaction (1) for test context [DefaultTestContext@50b54377 testClass = PersonControllerTest, testInstance = com.fastcampus.javaallinone.project3.demo.controller.PersonControllerTest@e2bd612, testMethod = modifyName@PersonControllerTest, testException = [null], mergedContextConfiguration = [WebMergedContextConfiguration@55bf2ae2 testClass = PersonControllerTest, locations = '{}', classes = '{class com.fastcampus.javaallinone.project3.demo.DemoApplication}', contextInitializerClasses = '[]', activeProfiles = '{}', propertySourceLocations = '{}', propertySourceProperties = '{org.springframework.boot.test.context.SpringBootTestContextBootstrapper=true}', contextCustomizers = set[org.springframework.boot.test.autoconfigure.actuate.metrics.MetricsExportContextCustomizerFactory$DisableMetricExportContextCustomizer@50cc2523, org.springframework.boot.test.autoconfigure.properties.PropertyMappingContextCustomizer@0, org.springframework.boot.test.autoconfigure.web.servlet.WebDriverContextCustomizerFactory$Customizer@1c073911, org.springframework.boot.test.context.filter.ExcludeFilterContextCustomizer@193a2de9, org.springframework.boot.test.json.DuplicateJsonObjectContextCustomizerFactory$DuplicateJsonObjectContextCustomizer@19ace8c1, org.springframework.boot.test.mock.mockito.MockitoContextCustomizer@0, org.springframework.boot.test.web.client.TestRestTemplateContextCustomizer@187908c3, org.springframework.boot.test.context.SpringBootTestArgs@1, org.springframework.boot.test.context.SpringBootTestWebEnvironment@115f51c2], resourceBasePath = 'src/main/webapp', contextLoader = 'org.springframework.boot.test.context.SpringBootContextLoader', parent = [null]], attributes = map['org.springframework.test.context.web.ServletTestExecutionListener.activateListener' -> true, 'org.springframework.test.context.web.ServletTestExecutionListener.populatedRequestContextHolder' -> true, 'org.springframework.test.context.web.ServletTestExecutionListener.resetRequestContextHolder' -> true, 'org.springframework.test.context.event.ApplicationEventsTestExecutionListener.recordApplicationEvents' -> false]]; transaction manager [org.springframework.orm.jpa.JpaTransactionManager@337b4898]; rollback [true]
2021-05-13 11:41:57.746  INFO 20212 --- [    Test worker] o.s.mock.web.MockServletContext          : Initializing Spring TestDispatcherServlet ''
2021-05-13 11:41:57.753  INFO 20212 --- [    Test worker] o.s.t.web.servlet.TestDispatcherServlet  : Initializing Servlet ''
2021-05-13 11:41:57.753  INFO 20212 --- [    Test worker] o.s.t.web.servlet.TestDispatcherServlet  : Completed initialization in 0 ms
Hibernate: select person0_.id as id1_1_0_, person0_.address as address2_1_0_, person0_.day_of_birthday as day_of_b3_1_0_, person0_.month_of_birthday as month_of4_1_0_, person0_.year_of_birthday as year_of_5_1_0_, person0_.deleted as deleted6_1_0_, person0_.hobby as hobby7_1_0_, person0_.job as job8_1_0_, person0_.name as name9_1_0_, person0_.phone_number as phone_n10_1_0_ from person person0_ where person0_.id=?
Hibernate: update person set address=?, day_of_birthday=?, month_of_birthday=?, year_of_birthday=?, deleted=?, hobby=?, job=?, name=?, phone_number=? where id=?
Hibernate: select person0_.id as id1_1_, person0_.address as address2_1_, person0_.day_of_birthday as day_of_b3_1_, person0_.month_of_birthday as month_of4_1_, person0_.year_of_birthday as year_of_5_1_, person0_.deleted as deleted6_1_, person0_.hobby as hobby7_1_, person0_.job as job8_1_, person0_.name as name9_1_, person0_.phone_number as phone_n10_1_ from person person0_
2021-05-13 11:41:57.769  INFO 20212 --- [    Test worker] c.f.j.p.d.controller.PersonController    : person : [Person(id=1, name=modify, hobby=null, address=null, birthday=Birthday(yearOfBirthday=1111, monthOfBirthday=1, dayOfBirthday=1), job=null, phoneNumber=null, deleted=false), Person(id=2, name=B, hobby=null, address=null, birthday=Birthday(yearOfBirthday=1112, monthOfBirthday=5, dayOfBirthday=5), job=null, phoneNumber=null, deleted=false), Person(id=3, name=C, hobby=null, address=null, birthday=Birthday(yearOfBirthday=1113, monthOfBirthday=3, dayOfBirthday=3), job=null, phoneNumber=null, deleted=false), Person(id=4, name=D, hobby=null, address=null, birthday=Birthday(yearOfBirthday=1114, monthOfBirthday=4, dayOfBirthday=4), job=null, phoneNumber=null, deleted=false), Person(id=5, name=E, hobby=null, address=null, birthday=Birthday(yearOfBirthday=1115, monthOfBirthday=5, dayOfBirthday=5), job=null, phoneNumber=null, deleted=false)]

MockHttpServletRequest:
      HTTP Method = PATCH
      Request URI = /api/person/1
       Parameters = {name=[modify]}
          Headers = [Content-Type:"application/json"]
             Body = <no character encoding set>
    Session Attrs = {}

Handler:
             Type = com.fastcampus.javaallinone.project3.demo.controller.PersonController
           Method = com.fastcampus.javaallinone.project3.demo.controller.PersonController#modifyPerson(Long, String)

Async:
    Async started = false
     Async result = null

Resolved Exception:
             Type = null

ModelAndView:
        View name = null
             View = null
            Model = null

FlashMap:
       Attributes = null

MockHttpServletResponse:
           Status = 200
    Error message = null
          Headers = []
     Content type = null
             Body = 
    Forwarded URL = null
   Redirected URL = null
          Cookies = []
2021-05-13 11:41:57.783  INFO 20212 --- [    Test worker] o.s.t.c.transaction.TransactionContext   : Rolled back transaction for test: [DefaultTestContext@50b54377 testClass = PersonControllerTest, testInstance = com.fastcampus.javaallinone.project3.demo.controller.PersonControllerTest@e2bd612, testMethod = modifyName@PersonControllerTest, testException = [null], mergedContextConfiguration = [WebMergedContextConfiguration@55bf2ae2 testClass = PersonControllerTest, locations = '{}', classes = '{class com.fastcampus.javaallinone.project3.demo.DemoApplication}', contextInitializerClasses = '[]', activeProfiles = '{}', propertySourceLocations = '{}', propertySourceProperties = '{org.springframework.boot.test.context.SpringBootTestContextBootstrapper=true}', contextCustomizers = set[org.springframework.boot.test.autoconfigure.actuate.metrics.MetricsExportContextCustomizerFactory$DisableMetricExportContextCustomizer@50cc2523, org.springframework.boot.test.autoconfigure.properties.PropertyMappingContextCustomizer@0, org.springframework.boot.test.autoconfigure.web.servlet.WebDriverContextCustomizerFactory$Customizer@1c073911, org.springframework.boot.test.context.filter.ExcludeFilterContextCustomizer@193a2de9, org.springframework.boot.test.json.DuplicateJsonObjectContextCustomizerFactory$DuplicateJsonObjectContextCustomizer@19ace8c1, org.springframework.boot.test.mock.mockito.MockitoContextCustomizer@0, org.springframework.boot.test.web.client.TestRestTemplateContextCustomizer@187908c3, org.springframework.boot.test.context.SpringBootTestArgs@1, org.springframework.boot.test.context.SpringBootTestWebEnvironment@115f51c2], resourceBasePath = 'src/main/webapp', contextLoader = 'org.springframework.boot.test.context.SpringBootContextLoader', parent = [null]], attributes = map['org.springframework.test.context.web.ServletTestExecutionListener.activateListener' -> true, 'org.springframework.test.context.web.ServletTestExecutionListener.populatedRequestContextHolder' -> true, 'org.springframework.test.context.web.ServletTestExecutionListener.resetRequestContextHolder' -> true, 'org.springframework.test.context.event.ApplicationEventsTestExecutionListener.recordApplicationEvents' -> false]]
2021-05-13 11:41:57.786  INFO 20212 --- [    Test worker] o.s.t.c.transaction.TransactionContext   : Began transaction (1) for test context [DefaultTestContext@50b54377 testClass = PersonControllerTest, testInstance = com.fastcampus.javaallinone.project3.demo.controller.PersonControllerTest@d5e1722, testMethod = postPerson@PersonControllerTest, testException = [null], mergedContextConfiguration = [WebMergedContextConfiguration@55bf2ae2 testClass = PersonControllerTest, locations = '{}', classes = '{class com.fastcampus.javaallinone.project3.demo.DemoApplication}', contextInitializerClasses = '[]', activeProfiles = '{}', propertySourceLocations = '{}', propertySourceProperties = '{org.springframework.boot.test.context.SpringBootTestContextBootstrapper=true}', contextCustomizers = set[org.springframework.boot.test.autoconfigure.actuate.metrics.MetricsExportContextCustomizerFactory$DisableMetricExportContextCustomizer@50cc2523, org.springframework.boot.test.autoconfigure.properties.PropertyMappingContextCustomizer@0, org.springframework.boot.test.autoconfigure.web.servlet.WebDriverContextCustomizerFactory$Customizer@1c073911, org.springframework.boot.test.context.filter.ExcludeFilterContextCustomizer@193a2de9, org.springframework.boot.test.json.DuplicateJsonObjectContextCustomizerFactory$DuplicateJsonObjectContextCustomizer@19ace8c1, org.springframework.boot.test.mock.mockito.MockitoContextCustomizer@0, org.springframework.boot.test.web.client.TestRestTemplateContextCustomizer@187908c3, org.springframework.boot.test.context.SpringBootTestArgs@1, org.springframework.boot.test.context.SpringBootTestWebEnvironment@115f51c2], resourceBasePath = 'src/main/webapp', contextLoader = 'org.springframework.boot.test.context.SpringBootContextLoader', parent = [null]], attributes = map['org.springframework.test.context.web.ServletTestExecutionListener.activateListener' -> true, 'org.springframework.test.context.web.ServletTestExecutionListener.populatedRequestContextHolder' -> true, 'org.springframework.test.context.web.ServletTestExecutionListener.resetRequestContextHolder' -> true, 'org.springframework.test.context.event.ApplicationEventsTestExecutionListener.recordApplicationEvents' -> false]]; transaction manager [org.springframework.orm.jpa.JpaTransactionManager@337b4898]; rollback [true]
2021-05-13 11:41:57.798  INFO 20212 --- [    Test worker] o.s.mock.web.MockServletContext          : Initializing Spring TestDispatcherServlet ''
2021-05-13 11:41:57.798  INFO 20212 --- [    Test worker] o.s.t.web.servlet.TestDispatcherServlet  : Initializing Servlet ''
2021-05-13 11:41:57.799  INFO 20212 --- [    Test worker] o.s.t.web.servlet.TestDispatcherServlet  : Completed initialization in 1 ms
Hibernate: insert into person (id, address, day_of_birthday, month_of_birthday, year_of_birthday, deleted, hobby, job, name, phone_number) values (null, ?, ?, ?, ?, ?, ?, ?, ?, ?)
Hibernate: select person0_.id as id1_1_, person0_.address as address2_1_, person0_.day_of_birthday as day_of_b3_1_, person0_.month_of_birthday as month_of4_1_, person0_.year_of_birthday as year_of_5_1_, person0_.deleted as deleted6_1_, person0_.hobby as hobby7_1_, person0_.job as job8_1_, person0_.name as name9_1_, person0_.phone_number as phone_n10_1_ from person person0_
2021-05-13 11:41:57.827  INFO 20212 --- [    Test worker] c.f.j.p.d.controller.PersonController    : person : [Person(id=1, name=A, hobby=null, address=null, birthday=Birthday(yearOfBirthday=1111, monthOfBirthday=1, dayOfBirthday=1), job=null, phoneNumber=null, deleted=false), Person(id=2, name=B, hobby=null, address=null, birthday=Birthday(yearOfBirthday=1112, monthOfBirthday=5, dayOfBirthday=5), job=null, phoneNumber=null, deleted=false), Person(id=3, name=C, hobby=null, address=null, birthday=Birthday(yearOfBirthday=1113, monthOfBirthday=3, dayOfBirthday=3), job=null, phoneNumber=null, deleted=false), Person(id=4, name=D, hobby=null, address=null, birthday=Birthday(yearOfBirthday=1114, monthOfBirthday=4, dayOfBirthday=4), job=null, phoneNumber=null, deleted=false), Person(id=5, name=E, hobby=null, address=null, birthday=Birthday(yearOfBirthday=1115, monthOfBirthday=5, dayOfBirthday=5), job=null, phoneNumber=null, deleted=false), Person(id=6, name=F, hobby=null, address=null, birthday=null, job=null, phoneNumber=null, deleted=false)]

MockHttpServletRequest:
      HTTP Method = POST
      Request URI = /api/person
       Parameters = {}
          Headers = [Content-Type:"application/json", Content-Length:"50"]
             Body = <no character encoding set>
    Session Attrs = {}

Handler:
             Type = com.fastcampus.javaallinone.project3.demo.controller.PersonController
           Method = com.fastcampus.javaallinone.project3.demo.controller.PersonController#postPerson(Person)

Async:
    Async started = false
     Async result = null

Resolved Exception:
             Type = null

ModelAndView:
        View name = null
             View = null
            Model = null

FlashMap:
       Attributes = null

MockHttpServletResponse:
           Status = 201
    Error message = null
          Headers = []
     Content type = null
             Body = 
    Forwarded URL = null
   Redirected URL = null
          Cookies = []
2021-05-13 11:41:57.836  INFO 20212 --- [    Test worker] o.s.t.c.transaction.TransactionContext   : Rolled back transaction for test: [DefaultTestContext@50b54377 testClass = PersonControllerTest, testInstance = com.fastcampus.javaallinone.project3.demo.controller.PersonControllerTest@d5e1722, testMethod = postPerson@PersonControllerTest, testException = [null], mergedContextConfiguration = [WebMergedContextConfiguration@55bf2ae2 testClass = PersonControllerTest, locations = '{}', classes = '{class com.fastcampus.javaallinone.project3.demo.DemoApplication}', contextInitializerClasses = '[]', activeProfiles = '{}', propertySourceLocations = '{}', propertySourceProperties = '{org.springframework.boot.test.context.SpringBootTestContextBootstrapper=true}', contextCustomizers = set[org.springframework.boot.test.autoconfigure.actuate.metrics.MetricsExportContextCustomizerFactory$DisableMetricExportContextCustomizer@50cc2523, org.springframework.boot.test.autoconfigure.properties.PropertyMappingContextCustomizer@0, org.springframework.boot.test.autoconfigure.web.servlet.WebDriverContextCustomizerFactory$Customizer@1c073911, org.springframework.boot.test.context.filter.ExcludeFilterContextCustomizer@193a2de9, org.springframework.boot.test.json.DuplicateJsonObjectContextCustomizerFactory$DuplicateJsonObjectContextCustomizer@19ace8c1, org.springframework.boot.test.mock.mockito.MockitoContextCustomizer@0, org.springframework.boot.test.web.client.TestRestTemplateContextCustomizer@187908c3, org.springframework.boot.test.context.SpringBootTestArgs@1, org.springframework.boot.test.context.SpringBootTestWebEnvironment@115f51c2], resourceBasePath = 'src/main/webapp', contextLoader = 'org.springframework.boot.test.context.SpringBootContextLoader', parent = [null]], attributes = map['org.springframework.test.context.web.ServletTestExecutionListener.activateListener' -> true, 'org.springframework.test.context.web.ServletTestExecutionListener.populatedRequestContextHolder' -> true, 'org.springframework.test.context.web.ServletTestExecutionListener.resetRequestContextHolder' -> true, 'org.springframework.test.context.event.ApplicationEventsTestExecutionListener.recordApplicationEvents' -> false]]
]]></system-out>
  <system-err><![CDATA[]]></system-err>
</testsuite>
