<?xml version="1.0" encoding="UTF-8"?>
<testsuite name="com.fastcampus.javaallinone.project3.demo.controller.PersonControllerTest" tests="7" skipped="0" failures="0" errors="0" timestamp="2021-05-15T06:44:14" hostname="LAPTOP-170P7NSC" time="0.341">
  <properties/>
  <testcase name="deletePerson()" classname="com.fastcampus.javaallinone.project3.demo.controller.PersonControllerTest" time="0.073"/>
  <testcase name="modifyPersonIfNameIsDifferent()" classname="com.fastcampus.javaallinone.project3.demo.controller.PersonControllerTest" time="0.097"/>
  <testcase name="modifyPerson()" classname="com.fastcampus.javaallinone.project3.demo.controller.PersonControllerTest" time="0.023"/>
  <testcase name="getPerson()" classname="com.fastcampus.javaallinone.project3.demo.controller.PersonControllerTest" time="0.051"/>
  <testcase name="modifyName()" classname="com.fastcampus.javaallinone.project3.demo.controller.PersonControllerTest" time="0.025"/>
  <testcase name="postPerson()" classname="com.fastcampus.javaallinone.project3.demo.controller.PersonControllerTest" time="0.044"/>
  <testcase name="checkJsonString()" classname="com.fastcampus.javaallinone.project3.demo.controller.PersonControllerTest" time="0.019"/>
  <system-out><![CDATA[2021-05-15 15:44:14.440  INFO 4128 --- [    Test worker] .b.t.c.SpringBootTestContextBootstrapper : Neither @ContextConfiguration nor @ContextHierarchy found for test class [com.fastcampus.javaallinone.project3.demo.controller.PersonControllerTest], using SpringBootContextLoader
2021-05-15 15:44:14.441  INFO 4128 --- [    Test worker] o.s.t.c.support.AbstractContextLoader    : Could not detect default resource locations for test class [com.fastcampus.javaallinone.project3.demo.controller.PersonControllerTest]: no resource found for suffixes {-context.xml, Context.groovy}.
2021-05-15 15:44:14.441  INFO 4128 --- [    Test worker] t.c.s.AnnotationConfigContextLoaderUtils : Could not detect default configuration classes for test class [com.fastcampus.javaallinone.project3.demo.controller.PersonControllerTest]: PersonControllerTest does not declare any static, non-private, non-final, nested classes annotated with @Configuration.
2021-05-15 15:44:14.443  INFO 4128 --- [    Test worker] .b.t.c.SpringBootTestContextBootstrapper : Found @SpringBootConfiguration com.fastcampus.javaallinone.project3.demo.DemoApplication for test class com.fastcampus.javaallinone.project3.demo.controller.PersonControllerTest
2021-05-15 15:44:14.445  INFO 4128 --- [    Test worker] .b.t.c.SpringBootTestContextBootstrapper : Loaded default TestExecutionListener class names from location [META-INF/spring.factories]: [org.springframework.boot.test.autoconfigure.restdocs.RestDocsTestExecutionListener, org.springframework.boot.test.autoconfigure.web.client.MockRestServiceServerResetTestExecutionListener, org.springframework.boot.test.autoconfigure.web.servlet.MockMvcPrintOnlyOnFailureTestExecutionListener, org.springframework.boot.test.autoconfigure.web.servlet.WebDriverTestExecutionListener, org.springframework.boot.test.autoconfigure.webservices.client.MockWebServiceServerTestExecutionListener, org.springframework.boot.test.mock.mockito.MockitoTestExecutionListener, org.springframework.boot.test.mock.mockito.ResetMocksTestExecutionListener, org.springframework.test.context.web.ServletTestExecutionListener, org.springframework.test.context.support.DirtiesContextBeforeModesTestExecutionListener, org.springframework.test.context.event.ApplicationEventsTestExecutionListener, org.springframework.test.context.support.DependencyInjectionTestExecutionListener, org.springframework.test.context.support.DirtiesContextTestExecutionListener, org.springframework.test.context.transaction.TransactionalTestExecutionListener, org.springframework.test.context.jdbc.SqlScriptsTestExecutionListener, org.springframework.test.context.event.EventPublishingTestExecutionListener]
2021-05-15 15:44:14.445  INFO 4128 --- [    Test worker] .b.t.c.SpringBootTestContextBootstrapper : Using TestExecutionListeners: [org.springframework.test.context.web.ServletTestExecutionListener@5093d863, org.springframework.test.context.support.DirtiesContextBeforeModesTestExecutionListener@6d79733b, org.springframework.test.context.event.ApplicationEventsTestExecutionListener@3ccc3b8f, org.springframework.boot.test.mock.mockito.MockitoTestExecutionListener@d062a31, org.springframework.boot.test.autoconfigure.SpringBootDependencyInjectionTestExecutionListener@4318ab32, org.springframework.test.context.support.DirtiesContextTestExecutionListener@655ef8c1, org.springframework.test.context.transaction.TransactionalTestExecutionListener@3893a7a6, org.springframework.test.context.jdbc.SqlScriptsTestExecutionListener@4784527, org.springframework.test.context.event.EventPublishingTestExecutionListener@23f3fa1, org.springframework.boot.test.autoconfigure.restdocs.RestDocsTestExecutionListener@103557d7, org.springframework.boot.test.autoconfigure.web.client.MockRestServiceServerResetTestExecutionListener@35be7ce0, org.springframework.boot.test.autoconfigure.web.servlet.MockMvcPrintOnlyOnFailureTestExecutionListener@7329460d, org.springframework.boot.test.autoconfigure.web.servlet.WebDriverTestExecutionListener@810bdfe, org.springframework.boot.test.autoconfigure.webservices.client.MockWebServiceServerTestExecutionListener@32a1c8c4, org.springframework.boot.test.mock.mockito.ResetMocksTestExecutionListener@74befb0c]
2021-05-15 15:44:14.454  INFO 4128 --- [    Test worker] o.s.t.c.transaction.TransactionContext   : Began transaction (1) for test context [DefaultTestContext@1b1a1bab testClass = PersonControllerTest, testInstance = com.fastcampus.javaallinone.project3.demo.controller.PersonControllerTest@46821013, testMethod = deletePerson@PersonControllerTest, testException = [null], mergedContextConfiguration = [WebMergedContextConfiguration@fc87613 testClass = PersonControllerTest, locations = '{}', classes = '{class com.fastcampus.javaallinone.project3.demo.DemoApplication}', contextInitializerClasses = '[]', activeProfiles = '{}', propertySourceLocations = '{}', propertySourceProperties = '{org.springframework.boot.test.context.SpringBootTestContextBootstrapper=true}', contextCustomizers = set[org.springframework.boot.test.autoconfigure.actuate.metrics.MetricsExportContextCustomizerFactory$DisableMetricExportContextCustomizer@bea8c, org.springframework.boot.test.autoconfigure.properties.PropertyMappingContextCustomizer@0, org.springframework.boot.test.autoconfigure.web.servlet.WebDriverContextCustomizerFactory$Customizer@23049dac, org.springframework.boot.test.context.filter.ExcludeFilterContextCustomizer@37943101, org.springframework.boot.test.json.DuplicateJsonObjectContextCustomizerFactory$DuplicateJsonObjectContextCustomizer@61c79eea, org.springframework.boot.test.mock.mockito.MockitoContextCustomizer@0, org.springframework.boot.test.web.client.TestRestTemplateContextCustomizer@2e822c59, org.springframework.boot.test.context.SpringBootTestArgs@1, org.springframework.boot.test.context.SpringBootTestWebEnvironment@697b01c6], resourceBasePath = 'src/main/webapp', contextLoader = 'org.springframework.boot.test.context.SpringBootContextLoader', parent = [null]], attributes = map['org.springframework.test.context.web.ServletTestExecutionListener.activateListener' -> true, 'org.springframework.test.context.web.ServletTestExecutionListener.populatedRequestContextHolder' -> true, 'org.springframework.test.context.web.ServletTestExecutionListener.resetRequestContextHolder' -> true, 'org.springframework.test.context.event.ApplicationEventsTestExecutionListener.recordApplicationEvents' -> false]]; transaction manager [org.springframework.orm.jpa.JpaTransactionManager@633c8af3]; rollback [true]
2021-05-15 15:44:14.462  INFO 4128 --- [    Test worker] o.s.mock.web.MockServletContext          : Initializing Spring TestDispatcherServlet ''
2021-05-15 15:44:14.463  INFO 4128 --- [    Test worker] o.s.t.web.servlet.TestDispatcherServlet  : Initializing Servlet ''
2021-05-15 15:44:14.463  INFO 4128 --- [    Test worker] o.s.t.web.servlet.TestDispatcherServlet  : Completed initialization in 0 ms
Hibernate: select person0_.id as id1_1_0_, person0_.address as address2_1_0_, person0_.day_of_birthday as day_of_b3_1_0_, person0_.month_of_birthday as month_of4_1_0_, person0_.year_of_birthday as year_of_5_1_0_, person0_.deleted as deleted6_1_0_, person0_.hobby as hobby7_1_0_, person0_.job as job8_1_0_, person0_.name as name9_1_0_, person0_.phone_number as phone_n10_1_0_ from person person0_ where person0_.id=? and ( person0_.deleted = 0)

MockHttpServletRequest:
      HTTP Method = DELETE
      Request URI = /api/person/1
       Parameters = {}
          Headers = []
             Body = <no character encoding set>
    Session Attrs = {}

Handler:
             Type = com.fastcampus.javaallinone.project3.demo.controller.PersonController
           Method = com.fastcampus.javaallinone.project3.demo.controller.PersonController#deletePerson(Long)

Async:
    Async started = false
     Async result = null

Resolved Exception:
             Type = null

ModelAndView:
        View name = null
             View = null
            Model = null

FlashMap:
       Attributes = null

MockHttpServletResponse:
           Status = 200
    Error message = null
          Headers = []
     Content type = null
             Body = 
    Forwarded URL = null
   Redirected URL = null
          Cookies = []
Hibernate: update person set address=?, day_of_birthday=?, month_of_birthday=?, year_of_birthday=?, deleted=?, hobby=?, job=?, name=?, phone_number=? where id=?
Hibernate: select * from Person person where person.deleted = true
2021-05-15 15:44:14.521  INFO 4128 --- [    Test worker] o.s.t.c.transaction.TransactionContext   : Rolled back transaction for test: [DefaultTestContext@1b1a1bab testClass = PersonControllerTest, testInstance = com.fastcampus.javaallinone.project3.demo.controller.PersonControllerTest@46821013, testMethod = deletePerson@PersonControllerTest, testException = [null], mergedContextConfiguration = [WebMergedContextConfiguration@fc87613 testClass = PersonControllerTest, locations = '{}', classes = '{class com.fastcampus.javaallinone.project3.demo.DemoApplication}', contextInitializerClasses = '[]', activeProfiles = '{}', propertySourceLocations = '{}', propertySourceProperties = '{org.springframework.boot.test.context.SpringBootTestContextBootstrapper=true}', contextCustomizers = set[org.springframework.boot.test.autoconfigure.actuate.metrics.MetricsExportContextCustomizerFactory$DisableMetricExportContextCustomizer@bea8c, org.springframework.boot.test.autoconfigure.properties.PropertyMappingContextCustomizer@0, org.springframework.boot.test.autoconfigure.web.servlet.WebDriverContextCustomizerFactory$Customizer@23049dac, org.springframework.boot.test.context.filter.ExcludeFilterContextCustomizer@37943101, org.springframework.boot.test.json.DuplicateJsonObjectContextCustomizerFactory$DuplicateJsonObjectContextCustomizer@61c79eea, org.springframework.boot.test.mock.mockito.MockitoContextCustomizer@0, org.springframework.boot.test.web.client.TestRestTemplateContextCustomizer@2e822c59, org.springframework.boot.test.context.SpringBootTestArgs@1, org.springframework.boot.test.context.SpringBootTestWebEnvironment@697b01c6], resourceBasePath = 'src/main/webapp', contextLoader = 'org.springframework.boot.test.context.SpringBootContextLoader', parent = [null]], attributes = map['org.springframework.test.context.web.ServletTestExecutionListener.activateListener' -> true, 'org.springframework.test.context.web.ServletTestExecutionListener.populatedRequestContextHolder' -> true, 'org.springframework.test.context.web.ServletTestExecutionListener.resetRequestContextHolder' -> true, 'org.springframework.test.context.event.ApplicationEventsTestExecutionListener.recordApplicationEvents' -> false]]
2021-05-15 15:44:14.525  INFO 4128 --- [    Test worker] o.s.t.c.transaction.TransactionContext   : Began transaction (1) for test context [DefaultTestContext@1b1a1bab testClass = PersonControllerTest, testInstance = com.fastcampus.javaallinone.project3.demo.controller.PersonControllerTest@721b346a, testMethod = modifyPersonIfNameIsDifferent@PersonControllerTest, testException = [null], mergedContextConfiguration = [WebMergedContextConfiguration@fc87613 testClass = PersonControllerTest, locations = '{}', classes = '{class com.fastcampus.javaallinone.project3.demo.DemoApplication}', contextInitializerClasses = '[]', activeProfiles = '{}', propertySourceLocations = '{}', propertySourceProperties = '{org.springframework.boot.test.context.SpringBootTestContextBootstrapper=true}', contextCustomizers = set[org.springframework.boot.test.autoconfigure.actuate.metrics.MetricsExportContextCustomizerFactory$DisableMetricExportContextCustomizer@bea8c, org.springframework.boot.test.autoconfigure.properties.PropertyMappingContextCustomizer@0, org.springframework.boot.test.autoconfigure.web.servlet.WebDriverContextCustomizerFactory$Customizer@23049dac, org.springframework.boot.test.context.filter.ExcludeFilterContextCustomizer@37943101, org.springframework.boot.test.json.DuplicateJsonObjectContextCustomizerFactory$DuplicateJsonObjectContextCustomizer@61c79eea, org.springframework.boot.test.mock.mockito.MockitoContextCustomizer@0, org.springframework.boot.test.web.client.TestRestTemplateContextCustomizer@2e822c59, org.springframework.boot.test.context.SpringBootTestArgs@1, org.springframework.boot.test.context.SpringBootTestWebEnvironment@697b01c6], resourceBasePath = 'src/main/webapp', contextLoader = 'org.springframework.boot.test.context.SpringBootContextLoader', parent = [null]], attributes = map['org.springframework.test.context.web.ServletTestExecutionListener.activateListener' -> true, 'org.springframework.test.context.web.ServletTestExecutionListener.populatedRequestContextHolder' -> true, 'org.springframework.test.context.web.ServletTestExecutionListener.resetRequestContextHolder' -> true, 'org.springframework.test.context.event.ApplicationEventsTestExecutionListener.recordApplicationEvents' -> false]]; transaction manager [org.springframework.orm.jpa.JpaTransactionManager@633c8af3]; rollback [true]
2021-05-15 15:44:14.536  INFO 4128 --- [    Test worker] o.s.mock.web.MockServletContext          : Initializing Spring TestDispatcherServlet ''
2021-05-15 15:44:14.536  INFO 4128 --- [    Test worker] o.s.t.web.servlet.TestDispatcherServlet  : Initializing Servlet ''
2021-05-15 15:44:14.537  INFO 4128 --- [    Test worker] o.s.t.web.servlet.TestDispatcherServlet  : Completed initialization in 1 ms
Hibernate: select person0_.id as id1_1_0_, person0_.address as address2_1_0_, person0_.day_of_birthday as day_of_b3_1_0_, person0_.month_of_birthday as month_of4_1_0_, person0_.year_of_birthday as year_of_5_1_0_, person0_.deleted as deleted6_1_0_, person0_.hobby as hobby7_1_0_, person0_.job as job8_1_0_, person0_.name as name9_1_0_, person0_.phone_number as phone_n10_1_0_ from person person0_ where person0_.id=? and ( person0_.deleted = 0)
2021-05-15 15:44:14.620  INFO 4128 --- [    Test worker] o.s.t.c.transaction.TransactionContext   : Rolled back transaction for test: [DefaultTestContext@1b1a1bab testClass = PersonControllerTest, testInstance = com.fastcampus.javaallinone.project3.demo.controller.PersonControllerTest@721b346a, testMethod = modifyPersonIfNameIsDifferent@PersonControllerTest, testException = [null], mergedContextConfiguration = [WebMergedContextConfiguration@fc87613 testClass = PersonControllerTest, locations = '{}', classes = '{class com.fastcampus.javaallinone.project3.demo.DemoApplication}', contextInitializerClasses = '[]', activeProfiles = '{}', propertySourceLocations = '{}', propertySourceProperties = '{org.springframework.boot.test.context.SpringBootTestContextBootstrapper=true}', contextCustomizers = set[org.springframework.boot.test.autoconfigure.actuate.metrics.MetricsExportContextCustomizerFactory$DisableMetricExportContextCustomizer@bea8c, org.springframework.boot.test.autoconfigure.properties.PropertyMappingContextCustomizer@0, org.springframework.boot.test.autoconfigure.web.servlet.WebDriverContextCustomizerFactory$Customizer@23049dac, org.springframework.boot.test.context.filter.ExcludeFilterContextCustomizer@37943101, org.springframework.boot.test.json.DuplicateJsonObjectContextCustomizerFactory$DuplicateJsonObjectContextCustomizer@61c79eea, org.springframework.boot.test.mock.mockito.MockitoContextCustomizer@0, org.springframework.boot.test.web.client.TestRestTemplateContextCustomizer@2e822c59, org.springframework.boot.test.context.SpringBootTestArgs@1, org.springframework.boot.test.context.SpringBootTestWebEnvironment@697b01c6], resourceBasePath = 'src/main/webapp', contextLoader = 'org.springframework.boot.test.context.SpringBootContextLoader', parent = [null]], attributes = map['org.springframework.test.context.web.ServletTestExecutionListener.activateListener' -> true, 'org.springframework.test.context.web.ServletTestExecutionListener.populatedRequestContextHolder' -> true, 'org.springframework.test.context.web.ServletTestExecutionListener.resetRequestContextHolder' -> true, 'org.springframework.test.context.event.ApplicationEventsTestExecutionListener.recordApplicationEvents' -> false]]
2021-05-15 15:44:14.624  INFO 4128 --- [    Test worker] o.s.t.c.transaction.TransactionContext   : Began transaction (1) for test context [DefaultTestContext@1b1a1bab testClass = PersonControllerTest, testInstance = com.fastcampus.javaallinone.project3.demo.controller.PersonControllerTest@4c1ce8a7, testMethod = modifyPerson@PersonControllerTest, testException = [null], mergedContextConfiguration = [WebMergedContextConfiguration@fc87613 testClass = PersonControllerTest, locations = '{}', classes = '{class com.fastcampus.javaallinone.project3.demo.DemoApplication}', contextInitializerClasses = '[]', activeProfiles = '{}', propertySourceLocations = '{}', propertySourceProperties = '{org.springframework.boot.test.context.SpringBootTestContextBootstrapper=true}', contextCustomizers = set[org.springframework.boot.test.autoconfigure.actuate.metrics.MetricsExportContextCustomizerFactory$DisableMetricExportContextCustomizer@bea8c, org.springframework.boot.test.autoconfigure.properties.PropertyMappingContextCustomizer@0, org.springframework.boot.test.autoconfigure.web.servlet.WebDriverContextCustomizerFactory$Customizer@23049dac, org.springframework.boot.test.context.filter.ExcludeFilterContextCustomizer@37943101, org.springframework.boot.test.json.DuplicateJsonObjectContextCustomizerFactory$DuplicateJsonObjectContextCustomizer@61c79eea, org.springframework.boot.test.mock.mockito.MockitoContextCustomizer@0, org.springframework.boot.test.web.client.TestRestTemplateContextCustomizer@2e822c59, org.springframework.boot.test.context.SpringBootTestArgs@1, org.springframework.boot.test.context.SpringBootTestWebEnvironment@697b01c6], resourceBasePath = 'src/main/webapp', contextLoader = 'org.springframework.boot.test.context.SpringBootContextLoader', parent = [null]], attributes = map['org.springframework.test.context.web.ServletTestExecutionListener.activateListener' -> true, 'org.springframework.test.context.web.ServletTestExecutionListener.populatedRequestContextHolder' -> true, 'org.springframework.test.context.web.ServletTestExecutionListener.resetRequestContextHolder' -> true, 'org.springframework.test.context.event.ApplicationEventsTestExecutionListener.recordApplicationEvents' -> false]]; transaction manager [org.springframework.orm.jpa.JpaTransactionManager@633c8af3]; rollback [true]
2021-05-15 15:44:14.629  INFO 4128 --- [    Test worker] o.s.mock.web.MockServletContext          : Initializing Spring TestDispatcherServlet ''
2021-05-15 15:44:14.630  INFO 4128 --- [    Test worker] o.s.t.web.servlet.TestDispatcherServlet  : Initializing Servlet ''
2021-05-15 15:44:14.630  INFO 4128 --- [    Test worker] o.s.t.web.servlet.TestDispatcherServlet  : Completed initialization in 0 ms
Hibernate: select person0_.id as id1_1_0_, person0_.address as address2_1_0_, person0_.day_of_birthday as day_of_b3_1_0_, person0_.month_of_birthday as month_of4_1_0_, person0_.year_of_birthday as year_of_5_1_0_, person0_.deleted as deleted6_1_0_, person0_.hobby as hobby7_1_0_, person0_.job as job8_1_0_, person0_.name as name9_1_0_, person0_.phone_number as phone_n10_1_0_ from person person0_ where person0_.id=? and ( person0_.deleted = 0)

MockHttpServletRequest:
      HTTP Method = PUT
      Request URI = /api/person/1
       Parameters = {}
          Headers = [Content-Type:"application/json", Content-Length:"98"]
             Body = <no character encoding set>
    Session Attrs = {}

Handler:
             Type = com.fastcampus.javaallinone.project3.demo.controller.PersonController
           Method = com.fastcampus.javaallinone.project3.demo.controller.PersonController#modifyPerson(Long, PersonDto)

Async:
    Async started = false
     Async result = null

Resolved Exception:
             Type = null

ModelAndView:
        View name = null
             View = null
            Model = null

FlashMap:
       Attributes = null

MockHttpServletResponse:
           Status = 200
    Error message = null
          Headers = []
     Content type = null
             Body = 
    Forwarded URL = null
   Redirected URL = null
          Cookies = []
2021-05-15 15:44:14.645  INFO 4128 --- [    Test worker] o.s.t.c.transaction.TransactionContext   : Rolled back transaction for test: [DefaultTestContext@1b1a1bab testClass = PersonControllerTest, testInstance = com.fastcampus.javaallinone.project3.demo.controller.PersonControllerTest@4c1ce8a7, testMethod = modifyPerson@PersonControllerTest, testException = [null], mergedContextConfiguration = [WebMergedContextConfiguration@fc87613 testClass = PersonControllerTest, locations = '{}', classes = '{class com.fastcampus.javaallinone.project3.demo.DemoApplication}', contextInitializerClasses = '[]', activeProfiles = '{}', propertySourceLocations = '{}', propertySourceProperties = '{org.springframework.boot.test.context.SpringBootTestContextBootstrapper=true}', contextCustomizers = set[org.springframework.boot.test.autoconfigure.actuate.metrics.MetricsExportContextCustomizerFactory$DisableMetricExportContextCustomizer@bea8c, org.springframework.boot.test.autoconfigure.properties.PropertyMappingContextCustomizer@0, org.springframework.boot.test.autoconfigure.web.servlet.WebDriverContextCustomizerFactory$Customizer@23049dac, org.springframework.boot.test.context.filter.ExcludeFilterContextCustomizer@37943101, org.springframework.boot.test.json.DuplicateJsonObjectContextCustomizerFactory$DuplicateJsonObjectContextCustomizer@61c79eea, org.springframework.boot.test.mock.mockito.MockitoContextCustomizer@0, org.springframework.boot.test.web.client.TestRestTemplateContextCustomizer@2e822c59, org.springframework.boot.test.context.SpringBootTestArgs@1, org.springframework.boot.test.context.SpringBootTestWebEnvironment@697b01c6], resourceBasePath = 'src/main/webapp', contextLoader = 'org.springframework.boot.test.context.SpringBootContextLoader', parent = [null]], attributes = map['org.springframework.test.context.web.ServletTestExecutionListener.activateListener' -> true, 'org.springframework.test.context.web.ServletTestExecutionListener.populatedRequestContextHolder' -> true, 'org.springframework.test.context.web.ServletTestExecutionListener.resetRequestContextHolder' -> true, 'org.springframework.test.context.event.ApplicationEventsTestExecutionListener.recordApplicationEvents' -> false]]
2021-05-15 15:44:14.650  INFO 4128 --- [    Test worker] o.s.t.c.transaction.TransactionContext   : Began transaction (1) for test context [DefaultTestContext@1b1a1bab testClass = PersonControllerTest, testInstance = com.fastcampus.javaallinone.project3.demo.controller.PersonControllerTest@56f2f15e, testMethod = getPerson@PersonControllerTest, testException = [null], mergedContextConfiguration = [WebMergedContextConfiguration@fc87613 testClass = PersonControllerTest, locations = '{}', classes = '{class com.fastcampus.javaallinone.project3.demo.DemoApplication}', contextInitializerClasses = '[]', activeProfiles = '{}', propertySourceLocations = '{}', propertySourceProperties = '{org.springframework.boot.test.context.SpringBootTestContextBootstrapper=true}', contextCustomizers = set[org.springframework.boot.test.autoconfigure.actuate.metrics.MetricsExportContextCustomizerFactory$DisableMetricExportContextCustomizer@bea8c, org.springframework.boot.test.autoconfigure.properties.PropertyMappingContextCustomizer@0, org.springframework.boot.test.autoconfigure.web.servlet.WebDriverContextCustomizerFactory$Customizer@23049dac, org.springframework.boot.test.context.filter.ExcludeFilterContextCustomizer@37943101, org.springframework.boot.test.json.DuplicateJsonObjectContextCustomizerFactory$DuplicateJsonObjectContextCustomizer@61c79eea, org.springframework.boot.test.mock.mockito.MockitoContextCustomizer@0, org.springframework.boot.test.web.client.TestRestTemplateContextCustomizer@2e822c59, org.springframework.boot.test.context.SpringBootTestArgs@1, org.springframework.boot.test.context.SpringBootTestWebEnvironment@697b01c6], resourceBasePath = 'src/main/webapp', contextLoader = 'org.springframework.boot.test.context.SpringBootContextLoader', parent = [null]], attributes = map['org.springframework.test.context.web.ServletTestExecutionListener.activateListener' -> true, 'org.springframework.test.context.web.ServletTestExecutionListener.populatedRequestContextHolder' -> true, 'org.springframework.test.context.web.ServletTestExecutionListener.resetRequestContextHolder' -> true, 'org.springframework.test.context.event.ApplicationEventsTestExecutionListener.recordApplicationEvents' -> false]]; transaction manager [org.springframework.orm.jpa.JpaTransactionManager@633c8af3]; rollback [true]
2021-05-15 15:44:14.657  INFO 4128 --- [    Test worker] o.s.mock.web.MockServletContext          : Initializing Spring TestDispatcherServlet ''
2021-05-15 15:44:14.657  INFO 4128 --- [    Test worker] o.s.t.web.servlet.TestDispatcherServlet  : Initializing Servlet ''
2021-05-15 15:44:14.657  INFO 4128 --- [    Test worker] o.s.t.web.servlet.TestDispatcherServlet  : Completed initialization in 0 ms
Hibernate: select person0_.id as id1_1_0_, person0_.address as address2_1_0_, person0_.day_of_birthday as day_of_b3_1_0_, person0_.month_of_birthday as month_of4_1_0_, person0_.year_of_birthday as year_of_5_1_0_, person0_.deleted as deleted6_1_0_, person0_.hobby as hobby7_1_0_, person0_.job as job8_1_0_, person0_.name as name9_1_0_, person0_.phone_number as phone_n10_1_0_ from person person0_ where person0_.id=? and ( person0_.deleted = 0)
2021-05-15 15:44:14.661  INFO 4128 --- [    Test worker] c.f.j.p.demo.Service.PersonService       : person : Person(id=1, name=A, hobby=null, address=null, birthday=Birthday(yearOfBirthday=1111, monthOfBirthday=1, dayOfBirthday=1), job=null, phoneNumber=null, deleted=false)

MockHttpServletRequest:
      HTTP Method = GET
      Request URI = /api/person/1
       Parameters = {}
          Headers = []
             Body = <no character encoding set>
    Session Attrs = {}

Handler:
             Type = com.fastcampus.javaallinone.project3.demo.controller.PersonController
           Method = com.fastcampus.javaallinone.project3.demo.controller.PersonController#getPerson(Long)

Async:
    Async started = false
     Async result = null

Resolved Exception:
             Type = null

ModelAndView:
        View name = null
             View = null
            Model = null

FlashMap:
       Attributes = null

MockHttpServletResponse:
           Status = 200
    Error message = null
          Headers = [Content-Type:"application/json"]
     Content type = application/json
             Body = {"id":1,"name":"A","hobby":null,"address":null,"birthday":"1111-01-01","job":null,"phoneNumber":null,"deleted":false,"age":911,"birthdayToday":false}
    Forwarded URL = null
   Redirected URL = null
          Cookies = []
2021-05-15 15:44:14.698  INFO 4128 --- [    Test worker] o.s.t.c.transaction.TransactionContext   : Rolled back transaction for test: [DefaultTestContext@1b1a1bab testClass = PersonControllerTest, testInstance = com.fastcampus.javaallinone.project3.demo.controller.PersonControllerTest@56f2f15e, testMethod = getPerson@PersonControllerTest, testException = [null], mergedContextConfiguration = [WebMergedContextConfiguration@fc87613 testClass = PersonControllerTest, locations = '{}', classes = '{class com.fastcampus.javaallinone.project3.demo.DemoApplication}', contextInitializerClasses = '[]', activeProfiles = '{}', propertySourceLocations = '{}', propertySourceProperties = '{org.springframework.boot.test.context.SpringBootTestContextBootstrapper=true}', contextCustomizers = set[org.springframework.boot.test.autoconfigure.actuate.metrics.MetricsExportContextCustomizerFactory$DisableMetricExportContextCustomizer@bea8c, org.springframework.boot.test.autoconfigure.properties.PropertyMappingContextCustomizer@0, org.springframework.boot.test.autoconfigure.web.servlet.WebDriverContextCustomizerFactory$Customizer@23049dac, org.springframework.boot.test.context.filter.ExcludeFilterContextCustomizer@37943101, org.springframework.boot.test.json.DuplicateJsonObjectContextCustomizerFactory$DuplicateJsonObjectContextCustomizer@61c79eea, org.springframework.boot.test.mock.mockito.MockitoContextCustomizer@0, org.springframework.boot.test.web.client.TestRestTemplateContextCustomizer@2e822c59, org.springframework.boot.test.context.SpringBootTestArgs@1, org.springframework.boot.test.context.SpringBootTestWebEnvironment@697b01c6], resourceBasePath = 'src/main/webapp', contextLoader = 'org.springframework.boot.test.context.SpringBootContextLoader', parent = [null]], attributes = map['org.springframework.test.context.web.ServletTestExecutionListener.activateListener' -> true, 'org.springframework.test.context.web.ServletTestExecutionListener.populatedRequestContextHolder' -> true, 'org.springframework.test.context.web.ServletTestExecutionListener.resetRequestContextHolder' -> true, 'org.springframework.test.context.event.ApplicationEventsTestExecutionListener.recordApplicationEvents' -> false]]
2021-05-15 15:44:14.701  INFO 4128 --- [    Test worker] o.s.t.c.transaction.TransactionContext   : Began transaction (1) for test context [DefaultTestContext@1b1a1bab testClass = PersonControllerTest, testInstance = com.fastcampus.javaallinone.project3.demo.controller.PersonControllerTest@725f5be8, testMethod = modifyName@PersonControllerTest, testException = [null], mergedContextConfiguration = [WebMergedContextConfiguration@fc87613 testClass = PersonControllerTest, locations = '{}', classes = '{class com.fastcampus.javaallinone.project3.demo.DemoApplication}', contextInitializerClasses = '[]', activeProfiles = '{}', propertySourceLocations = '{}', propertySourceProperties = '{org.springframework.boot.test.context.SpringBootTestContextBootstrapper=true}', contextCustomizers = set[org.springframework.boot.test.autoconfigure.actuate.metrics.MetricsExportContextCustomizerFactory$DisableMetricExportContextCustomizer@bea8c, org.springframework.boot.test.autoconfigure.properties.PropertyMappingContextCustomizer@0, org.springframework.boot.test.autoconfigure.web.servlet.WebDriverContextCustomizerFactory$Customizer@23049dac, org.springframework.boot.test.context.filter.ExcludeFilterContextCustomizer@37943101, org.springframework.boot.test.json.DuplicateJsonObjectContextCustomizerFactory$DuplicateJsonObjectContextCustomizer@61c79eea, org.springframework.boot.test.mock.mockito.MockitoContextCustomizer@0, org.springframework.boot.test.web.client.TestRestTemplateContextCustomizer@2e822c59, org.springframework.boot.test.context.SpringBootTestArgs@1, org.springframework.boot.test.context.SpringBootTestWebEnvironment@697b01c6], resourceBasePath = 'src/main/webapp', contextLoader = 'org.springframework.boot.test.context.SpringBootContextLoader', parent = [null]], attributes = map['org.springframework.test.context.web.ServletTestExecutionListener.activateListener' -> true, 'org.springframework.test.context.web.ServletTestExecutionListener.populatedRequestContextHolder' -> true, 'org.springframework.test.context.web.ServletTestExecutionListener.resetRequestContextHolder' -> true, 'org.springframework.test.context.event.ApplicationEventsTestExecutionListener.recordApplicationEvents' -> false]]; transaction manager [org.springframework.orm.jpa.JpaTransactionManager@633c8af3]; rollback [true]
2021-05-15 15:44:14.709  INFO 4128 --- [    Test worker] o.s.mock.web.MockServletContext          : Initializing Spring TestDispatcherServlet ''
2021-05-15 15:44:14.710  INFO 4128 --- [    Test worker] o.s.t.web.servlet.TestDispatcherServlet  : Initializing Servlet ''
2021-05-15 15:44:14.710  INFO 4128 --- [    Test worker] o.s.t.web.servlet.TestDispatcherServlet  : Completed initialization in 0 ms
Hibernate: select person0_.id as id1_1_0_, person0_.address as address2_1_0_, person0_.day_of_birthday as day_of_b3_1_0_, person0_.month_of_birthday as month_of4_1_0_, person0_.year_of_birthday as year_of_5_1_0_, person0_.deleted as deleted6_1_0_, person0_.hobby as hobby7_1_0_, person0_.job as job8_1_0_, person0_.name as name9_1_0_, person0_.phone_number as phone_n10_1_0_ from person person0_ where person0_.id=? and ( person0_.deleted = 0)

MockHttpServletRequest:
      HTTP Method = PATCH
      Request URI = /api/person/1
       Parameters = {name=[modify]}
          Headers = [Content-Type:"application/json"]
             Body = <no character encoding set>
    Session Attrs = {}

Handler:
             Type = com.fastcampus.javaallinone.project3.demo.controller.PersonController
           Method = com.fastcampus.javaallinone.project3.demo.controller.PersonController#modifyPerson(Long, String)

Async:
    Async started = false
     Async result = null

Resolved Exception:
             Type = null

ModelAndView:
        View name = null
             View = null
            Model = null

FlashMap:
       Attributes = null

MockHttpServletResponse:
           Status = 200
    Error message = null
          Headers = []
     Content type = null
             Body = 
    Forwarded URL = null
   Redirected URL = null
          Cookies = []
2021-05-15 15:44:14.724  INFO 4128 --- [    Test worker] o.s.t.c.transaction.TransactionContext   : Rolled back transaction for test: [DefaultTestContext@1b1a1bab testClass = PersonControllerTest, testInstance = com.fastcampus.javaallinone.project3.demo.controller.PersonControllerTest@725f5be8, testMethod = modifyName@PersonControllerTest, testException = [null], mergedContextConfiguration = [WebMergedContextConfiguration@fc87613 testClass = PersonControllerTest, locations = '{}', classes = '{class com.fastcampus.javaallinone.project3.demo.DemoApplication}', contextInitializerClasses = '[]', activeProfiles = '{}', propertySourceLocations = '{}', propertySourceProperties = '{org.springframework.boot.test.context.SpringBootTestContextBootstrapper=true}', contextCustomizers = set[org.springframework.boot.test.autoconfigure.actuate.metrics.MetricsExportContextCustomizerFactory$DisableMetricExportContextCustomizer@bea8c, org.springframework.boot.test.autoconfigure.properties.PropertyMappingContextCustomizer@0, org.springframework.boot.test.autoconfigure.web.servlet.WebDriverContextCustomizerFactory$Customizer@23049dac, org.springframework.boot.test.context.filter.ExcludeFilterContextCustomizer@37943101, org.springframework.boot.test.json.DuplicateJsonObjectContextCustomizerFactory$DuplicateJsonObjectContextCustomizer@61c79eea, org.springframework.boot.test.mock.mockito.MockitoContextCustomizer@0, org.springframework.boot.test.web.client.TestRestTemplateContextCustomizer@2e822c59, org.springframework.boot.test.context.SpringBootTestArgs@1, org.springframework.boot.test.context.SpringBootTestWebEnvironment@697b01c6], resourceBasePath = 'src/main/webapp', contextLoader = 'org.springframework.boot.test.context.SpringBootContextLoader', parent = [null]], attributes = map['org.springframework.test.context.web.ServletTestExecutionListener.activateListener' -> true, 'org.springframework.test.context.web.ServletTestExecutionListener.populatedRequestContextHolder' -> true, 'org.springframework.test.context.web.ServletTestExecutionListener.resetRequestContextHolder' -> true, 'org.springframework.test.context.event.ApplicationEventsTestExecutionListener.recordApplicationEvents' -> false]]
2021-05-15 15:44:14.731  INFO 4128 --- [    Test worker] o.s.t.c.transaction.TransactionContext   : Began transaction (1) for test context [DefaultTestContext@1b1a1bab testClass = PersonControllerTest, testInstance = com.fastcampus.javaallinone.project3.demo.controller.PersonControllerTest@18c0e61d, testMethod = postPerson@PersonControllerTest, testException = [null], mergedContextConfiguration = [WebMergedContextConfiguration@fc87613 testClass = PersonControllerTest, locations = '{}', classes = '{class com.fastcampus.javaallinone.project3.demo.DemoApplication}', contextInitializerClasses = '[]', activeProfiles = '{}', propertySourceLocations = '{}', propertySourceProperties = '{org.springframework.boot.test.context.SpringBootTestContextBootstrapper=true}', contextCustomizers = set[org.springframework.boot.test.autoconfigure.actuate.metrics.MetricsExportContextCustomizerFactory$DisableMetricExportContextCustomizer@bea8c, org.springframework.boot.test.autoconfigure.properties.PropertyMappingContextCustomizer@0, org.springframework.boot.test.autoconfigure.web.servlet.WebDriverContextCustomizerFactory$Customizer@23049dac, org.springframework.boot.test.context.filter.ExcludeFilterContextCustomizer@37943101, org.springframework.boot.test.json.DuplicateJsonObjectContextCustomizerFactory$DuplicateJsonObjectContextCustomizer@61c79eea, org.springframework.boot.test.mock.mockito.MockitoContextCustomizer@0, org.springframework.boot.test.web.client.TestRestTemplateContextCustomizer@2e822c59, org.springframework.boot.test.context.SpringBootTestArgs@1, org.springframework.boot.test.context.SpringBootTestWebEnvironment@697b01c6], resourceBasePath = 'src/main/webapp', contextLoader = 'org.springframework.boot.test.context.SpringBootContextLoader', parent = [null]], attributes = map['org.springframework.test.context.web.ServletTestExecutionListener.activateListener' -> true, 'org.springframework.test.context.web.ServletTestExecutionListener.populatedRequestContextHolder' -> true, 'org.springframework.test.context.web.ServletTestExecutionListener.resetRequestContextHolder' -> true, 'org.springframework.test.context.event.ApplicationEventsTestExecutionListener.recordApplicationEvents' -> false]]; transaction manager [org.springframework.orm.jpa.JpaTransactionManager@633c8af3]; rollback [true]
2021-05-15 15:44:14.740  INFO 4128 --- [    Test worker] o.s.mock.web.MockServletContext          : Initializing Spring TestDispatcherServlet ''
2021-05-15 15:44:14.740  INFO 4128 --- [    Test worker] o.s.t.web.servlet.TestDispatcherServlet  : Initializing Servlet ''
2021-05-15 15:44:14.740  INFO 4128 --- [    Test worker] o.s.t.web.servlet.TestDispatcherServlet  : Completed initialization in 0 ms
Hibernate: insert into person (id, address, day_of_birthday, month_of_birthday, year_of_birthday, deleted, hobby, job, name, phone_number) values (null, ?, ?, ?, ?, ?, ?, ?, ?, ?)

MockHttpServletRequest:
      HTTP Method = POST
      Request URI = /api/person
       Parameters = {}
          Headers = [Content-Type:"application/json", Content-Length:"121"]
             Body = <no character encoding set>
    Session Attrs = {}

Handler:
             Type = com.fastcampus.javaallinone.project3.demo.controller.PersonController
           Method = com.fastcampus.javaallinone.project3.demo.controller.PersonController#postPerson(PersonDto)

Async:
    Async started = false
     Async result = null

Resolved Exception:
             Type = null

ModelAndView:
        View name = null
             View = null
            Model = null

FlashMap:
       Attributes = null

MockHttpServletResponse:
           Status = 201
    Error message = null
          Headers = []
     Content type = null
             Body = 
    Forwarded URL = null
   Redirected URL = null
          Cookies = []
Hibernate: select person0_.id as id1_1_, person0_.address as address2_1_, person0_.day_of_birthday as day_of_b3_1_, person0_.month_of_birthday as month_of4_1_, person0_.year_of_birthday as year_of_5_1_, person0_.deleted as deleted6_1_, person0_.hobby as hobby7_1_, person0_.job as job8_1_, person0_.name as name9_1_, person0_.phone_number as phone_n10_1_ from person person0_ where ( person0_.deleted = 0) order by person0_.id desc
2021-05-15 15:44:14.770  INFO 4128 --- [    Test worker] o.s.t.c.transaction.TransactionContext   : Rolled back transaction for test: [DefaultTestContext@1b1a1bab testClass = PersonControllerTest, testInstance = com.fastcampus.javaallinone.project3.demo.controller.PersonControllerTest@18c0e61d, testMethod = postPerson@PersonControllerTest, testException = [null], mergedContextConfiguration = [WebMergedContextConfiguration@fc87613 testClass = PersonControllerTest, locations = '{}', classes = '{class com.fastcampus.javaallinone.project3.demo.DemoApplication}', contextInitializerClasses = '[]', activeProfiles = '{}', propertySourceLocations = '{}', propertySourceProperties = '{org.springframework.boot.test.context.SpringBootTestContextBootstrapper=true}', contextCustomizers = set[org.springframework.boot.test.autoconfigure.actuate.metrics.MetricsExportContextCustomizerFactory$DisableMetricExportContextCustomizer@bea8c, org.springframework.boot.test.autoconfigure.properties.PropertyMappingContextCustomizer@0, org.springframework.boot.test.autoconfigure.web.servlet.WebDriverContextCustomizerFactory$Customizer@23049dac, org.springframework.boot.test.context.filter.ExcludeFilterContextCustomizer@37943101, org.springframework.boot.test.json.DuplicateJsonObjectContextCustomizerFactory$DuplicateJsonObjectContextCustomizer@61c79eea, org.springframework.boot.test.mock.mockito.MockitoContextCustomizer@0, org.springframework.boot.test.web.client.TestRestTemplateContextCustomizer@2e822c59, org.springframework.boot.test.context.SpringBootTestArgs@1, org.springframework.boot.test.context.SpringBootTestWebEnvironment@697b01c6], resourceBasePath = 'src/main/webapp', contextLoader = 'org.springframework.boot.test.context.SpringBootContextLoader', parent = [null]], attributes = map['org.springframework.test.context.web.ServletTestExecutionListener.activateListener' -> true, 'org.springframework.test.context.web.ServletTestExecutionListener.populatedRequestContextHolder' -> true, 'org.springframework.test.context.web.ServletTestExecutionListener.resetRequestContextHolder' -> true, 'org.springframework.test.context.event.ApplicationEventsTestExecutionListener.recordApplicationEvents' -> false]]
2021-05-15 15:44:14.773  INFO 4128 --- [    Test worker] o.s.t.c.transaction.TransactionContext   : Began transaction (1) for test context [DefaultTestContext@1b1a1bab testClass = PersonControllerTest, testInstance = com.fastcampus.javaallinone.project3.demo.controller.PersonControllerTest@46a78b91, testMethod = checkJsonString@PersonControllerTest, testException = [null], mergedContextConfiguration = [WebMergedContextConfiguration@fc87613 testClass = PersonControllerTest, locations = '{}', classes = '{class com.fastcampus.javaallinone.project3.demo.DemoApplication}', contextInitializerClasses = '[]', activeProfiles = '{}', propertySourceLocations = '{}', propertySourceProperties = '{org.springframework.boot.test.context.SpringBootTestContextBootstrapper=true}', contextCustomizers = set[org.springframework.boot.test.autoconfigure.actuate.metrics.MetricsExportContextCustomizerFactory$DisableMetricExportContextCustomizer@bea8c, org.springframework.boot.test.autoconfigure.properties.PropertyMappingContextCustomizer@0, org.springframework.boot.test.autoconfigure.web.servlet.WebDriverContextCustomizerFactory$Customizer@23049dac, org.springframework.boot.test.context.filter.ExcludeFilterContextCustomizer@37943101, org.springframework.boot.test.json.DuplicateJsonObjectContextCustomizerFactory$DuplicateJsonObjectContextCustomizer@61c79eea, org.springframework.boot.test.mock.mockito.MockitoContextCustomizer@0, org.springframework.boot.test.web.client.TestRestTemplateContextCustomizer@2e822c59, org.springframework.boot.test.context.SpringBootTestArgs@1, org.springframework.boot.test.context.SpringBootTestWebEnvironment@697b01c6], resourceBasePath = 'src/main/webapp', contextLoader = 'org.springframework.boot.test.context.SpringBootContextLoader', parent = [null]], attributes = map['org.springframework.test.context.web.ServletTestExecutionListener.activateListener' -> true, 'org.springframework.test.context.web.ServletTestExecutionListener.populatedRequestContextHolder' -> true, 'org.springframework.test.context.web.ServletTestExecutionListener.resetRequestContextHolder' -> true, 'org.springframework.test.context.event.ApplicationEventsTestExecutionListener.recordApplicationEvents' -> false]]; transaction manager [org.springframework.orm.jpa.JpaTransactionManager@633c8af3]; rollback [true]
2021-05-15 15:44:14.787  INFO 4128 --- [    Test worker] o.s.mock.web.MockServletContext          : Initializing Spring TestDispatcherServlet ''
2021-05-15 15:44:14.787  INFO 4128 --- [    Test worker] o.s.t.web.servlet.TestDispatcherServlet  : Initializing Servlet ''
2021-05-15 15:44:14.788  INFO 4128 --- [    Test worker] o.s.t.web.servlet.TestDispatcherServlet  : Completed initialization in 1 ms
>>>     {"name":"aaa","hobby":null,"address":"bb","birthday":"2021-05-15","job":null,"phoneNumber":null}
2021-05-15 15:44:14.791  INFO 4128 --- [    Test worker] o.s.t.c.transaction.TransactionContext   : Rolled back transaction for test: [DefaultTestContext@1b1a1bab testClass = PersonControllerTest, testInstance = com.fastcampus.javaallinone.project3.demo.controller.PersonControllerTest@46a78b91, testMethod = checkJsonString@PersonControllerTest, testException = [null], mergedContextConfiguration = [WebMergedContextConfiguration@fc87613 testClass = PersonControllerTest, locations = '{}', classes = '{class com.fastcampus.javaallinone.project3.demo.DemoApplication}', contextInitializerClasses = '[]', activeProfiles = '{}', propertySourceLocations = '{}', propertySourceProperties = '{org.springframework.boot.test.context.SpringBootTestContextBootstrapper=true}', contextCustomizers = set[org.springframework.boot.test.autoconfigure.actuate.metrics.MetricsExportContextCustomizerFactory$DisableMetricExportContextCustomizer@bea8c, org.springframework.boot.test.autoconfigure.properties.PropertyMappingContextCustomizer@0, org.springframework.boot.test.autoconfigure.web.servlet.WebDriverContextCustomizerFactory$Customizer@23049dac, org.springframework.boot.test.context.filter.ExcludeFilterContextCustomizer@37943101, org.springframework.boot.test.json.DuplicateJsonObjectContextCustomizerFactory$DuplicateJsonObjectContextCustomizer@61c79eea, org.springframework.boot.test.mock.mockito.MockitoContextCustomizer@0, org.springframework.boot.test.web.client.TestRestTemplateContextCustomizer@2e822c59, org.springframework.boot.test.context.SpringBootTestArgs@1, org.springframework.boot.test.context.SpringBootTestWebEnvironment@697b01c6], resourceBasePath = 'src/main/webapp', contextLoader = 'org.springframework.boot.test.context.SpringBootContextLoader', parent = [null]], attributes = map['org.springframework.test.context.web.ServletTestExecutionListener.activateListener' -> true, 'org.springframework.test.context.web.ServletTestExecutionListener.populatedRequestContextHolder' -> true, 'org.springframework.test.context.web.ServletTestExecutionListener.resetRequestContextHolder' -> true, 'org.springframework.test.context.event.ApplicationEventsTestExecutionListener.recordApplicationEvents' -> false]]
]]></system-out>
  <system-err><![CDATA[]]></system-err>
</testsuite>
