<?xml version="1.0" encoding="UTF-8"?>
<testsuite name="com.fastcampus.javaallinone.project3.demo.Service.PersonServiceTest" tests="3" skipped="0" failures="0" errors="0" timestamp="2021-05-11T02:54:37" hostname="LAPTOP-170P7NSC" time="0.066">
  <properties/>
  <testcase name="getPeopleExcludeBlocks()" classname="com.fastcampus.javaallinone.project3.demo.Service.PersonServiceTest" time="0.043"/>
  <testcase name="getPerson()" classname="com.fastcampus.javaallinone.project3.demo.Service.PersonServiceTest" time="0.01"/>
  <testcase name="getPeopleByName()" classname="com.fastcampus.javaallinone.project3.demo.Service.PersonServiceTest" time="0.009"/>
  <system-out><![CDATA[2021-05-11 11:54:37.457  INFO 18076 --- [    Test worker] .b.t.c.SpringBootTestContextBootstrapper : Neither @ContextConfiguration nor @ContextHierarchy found for test class [com.fastcampus.javaallinone.project3.demo.Service.PersonServiceTest], using SpringBootContextLoader
2021-05-11 11:54:37.459  INFO 18076 --- [    Test worker] o.s.t.c.support.AbstractContextLoader    : Could not detect default resource locations for test class [com.fastcampus.javaallinone.project3.demo.Service.PersonServiceTest]: no resource found for suffixes {-context.xml, Context.groovy}.
2021-05-11 11:54:37.459  INFO 18076 --- [    Test worker] t.c.s.AnnotationConfigContextLoaderUtils : Could not detect default configuration classes for test class [com.fastcampus.javaallinone.project3.demo.Service.PersonServiceTest]: PersonServiceTest does not declare any static, non-private, non-final, nested classes annotated with @Configuration.
2021-05-11 11:54:37.470  INFO 18076 --- [    Test worker] .b.t.c.SpringBootTestContextBootstrapper : Found @SpringBootConfiguration com.fastcampus.javaallinone.project3.demo.DemoApplication for test class com.fastcampus.javaallinone.project3.demo.Service.PersonServiceTest
2021-05-11 11:54:37.474  INFO 18076 --- [    Test worker] .b.t.c.SpringBootTestContextBootstrapper : Loaded default TestExecutionListener class names from location [META-INF/spring.factories]: [org.springframework.boot.test.autoconfigure.restdocs.RestDocsTestExecutionListener, org.springframework.boot.test.autoconfigure.web.client.MockRestServiceServerResetTestExecutionListener, org.springframework.boot.test.autoconfigure.web.servlet.MockMvcPrintOnlyOnFailureTestExecutionListener, org.springframework.boot.test.autoconfigure.web.servlet.WebDriverTestExecutionListener, org.springframework.boot.test.autoconfigure.webservices.client.MockWebServiceServerTestExecutionListener, org.springframework.boot.test.mock.mockito.MockitoTestExecutionListener, org.springframework.boot.test.mock.mockito.ResetMocksTestExecutionListener, org.springframework.test.context.web.ServletTestExecutionListener, org.springframework.test.context.support.DirtiesContextBeforeModesTestExecutionListener, org.springframework.test.context.event.ApplicationEventsTestExecutionListener, org.springframework.test.context.support.DependencyInjectionTestExecutionListener, org.springframework.test.context.support.DirtiesContextTestExecutionListener, org.springframework.test.context.transaction.TransactionalTestExecutionListener, org.springframework.test.context.jdbc.SqlScriptsTestExecutionListener, org.springframework.test.context.event.EventPublishingTestExecutionListener]
2021-05-11 11:54:37.474  INFO 18076 --- [    Test worker] .b.t.c.SpringBootTestContextBootstrapper : Using TestExecutionListeners: [org.springframework.test.context.web.ServletTestExecutionListener@1a64cd97, org.springframework.test.context.support.DirtiesContextBeforeModesTestExecutionListener@25dc83d3, org.springframework.test.context.event.ApplicationEventsTestExecutionListener@1b7ee79b, org.springframework.boot.test.mock.mockito.MockitoTestExecutionListener@24d6dd81, org.springframework.boot.test.autoconfigure.SpringBootDependencyInjectionTestExecutionListener@1862b4f9, org.springframework.test.context.support.DirtiesContextTestExecutionListener@59e16e3d, org.springframework.test.context.transaction.TransactionalTestExecutionListener@354f18a5, org.springframework.test.context.jdbc.SqlScriptsTestExecutionListener@2767e158, org.springframework.test.context.event.EventPublishingTestExecutionListener@2aaf4c31, org.springframework.boot.test.autoconfigure.restdocs.RestDocsTestExecutionListener@786d4fdf, org.springframework.boot.test.autoconfigure.web.client.MockRestServiceServerResetTestExecutionListener@352aea47, org.springframework.boot.test.autoconfigure.web.servlet.MockMvcPrintOnlyOnFailureTestExecutionListener@2ddfa09b, org.springframework.boot.test.autoconfigure.web.servlet.WebDriverTestExecutionListener@7dc1bfd5, org.springframework.boot.test.autoconfigure.webservices.client.MockWebServiceServerTestExecutionListener@6f401405, org.springframework.boot.test.mock.mockito.ResetMocksTestExecutionListener@d5aa378]
Hibernate: select person0_.id as id1_1_, person0_.address as address2_1_, person0_.age as age3_1_, person0_.day_of_birthday as day_of_b4_1_, person0_.month_of_birthday as month_of5_1_, person0_.year_of_birthday as year_of_6_1_, person0_.block_id as block_i12_1_, person0_.blood_type as blood_ty7_1_, person0_.hobby as hobby8_1_, person0_.job as job9_1_, person0_.name as name10_1_, person0_.phone_number as phone_n11_1_ from person person0_
Hibernate: select block0_.id as id1_0_0_, block0_.end_date as end_date2_0_0_, block0_.name as name3_0_0_, block0_.reason as reason4_0_0_, block0_.start_date as start_da5_0_0_ from block block0_ where block0_.id=?
Hibernate: select block0_.id as id1_0_0_, block0_.end_date as end_date2_0_0_, block0_.name as name3_0_0_, block0_.reason as reason4_0_0_, block0_.start_date as start_da5_0_0_ from block block0_ where block0_.id=?
[Person(id=1, name=A, age=5, hobby=null, bloodType=A, address=null, birthday=Birthday(yearOfBirthday=1111, monthOfBirthday=1, dayOfBirthday=1), job=null, block=Block(id=1, name=A, reason=null, startDate=null, endDate=null)), Person(id=2, name=B, age=4, hobby=null, bloodType=B, address=null, birthday=Birthday(yearOfBirthday=1112, monthOfBirthday=5, dayOfBirthday=5), job=null, block=null), Person(id=3, name=C, age=3, hobby=null, bloodType=O, address=null, birthday=Birthday(yearOfBirthday=1113, monthOfBirthday=3, dayOfBirthday=3), job=null, block=Block(id=2, name=C, reason=null, startDate=null, endDate=null)), Person(id=4, name=D, age=2, hobby=null, bloodType=AB, address=null, birthday=Birthday(yearOfBirthday=1114, monthOfBirthday=4, dayOfBirthday=4), job=null, block=null), Person(id=5, name=E, age=1, hobby=null, bloodType=O, address=null, birthday=Birthday(yearOfBirthday=1115, monthOfBirthday=5, dayOfBirthday=5), job=null, block=null)]
Hibernate: select person0_.id as id1_1_, person0_.address as address2_1_, person0_.age as age3_1_, person0_.day_of_birthday as day_of_b4_1_, person0_.month_of_birthday as month_of5_1_, person0_.year_of_birthday as year_of_6_1_, person0_.block_id as block_i12_1_, person0_.blood_type as blood_ty7_1_, person0_.hobby as hobby8_1_, person0_.job as job9_1_, person0_.name as name10_1_, person0_.phone_number as phone_n11_1_ from person person0_ where person0_.block_id is null
Person(id=2, name=B, age=4, hobby=null, bloodType=B, address=null, birthday=Birthday(yearOfBirthday=1112, monthOfBirthday=5, dayOfBirthday=5), job=null, block=null)
Person(id=4, name=D, age=2, hobby=null, bloodType=AB, address=null, birthday=Birthday(yearOfBirthday=1114, monthOfBirthday=4, dayOfBirthday=4), job=null, block=null)
Person(id=5, name=E, age=1, hobby=null, bloodType=O, address=null, birthday=Birthday(yearOfBirthday=1115, monthOfBirthday=5, dayOfBirthday=5), job=null, block=null)
Hibernate: select person0_.id as id1_1_0_, person0_.address as address2_1_0_, person0_.age as age3_1_0_, person0_.day_of_birthday as day_of_b4_1_0_, person0_.month_of_birthday as month_of5_1_0_, person0_.year_of_birthday as year_of_6_1_0_, person0_.block_id as block_i12_1_0_, person0_.blood_type as blood_ty7_1_0_, person0_.hobby as hobby8_1_0_, person0_.job as job9_1_0_, person0_.name as name10_1_0_, person0_.phone_number as phone_n11_1_0_, block1_.id as id1_0_1_, block1_.end_date as end_date2_0_1_, block1_.name as name3_0_1_, block1_.reason as reason4_0_1_, block1_.start_date as start_da5_0_1_ from person person0_ left outer join block block1_ on person0_.block_id=block1_.id where person0_.id=?
2021-05-11 11:54:37.531  INFO 18076 --- [    Test worker] c.f.j.p.demo.Service.PersonService       : person : Person(id=3, name=C, age=3, hobby=null, bloodType=O, address=null, birthday=Birthday(yearOfBirthday=1113, monthOfBirthday=3, dayOfBirthday=3), job=null, block=Block(id=2, name=C, reason=null, startDate=null, endDate=null))
Hibernate: select person0_.id as id1_1_, person0_.address as address2_1_, person0_.age as age3_1_, person0_.day_of_birthday as day_of_b4_1_, person0_.month_of_birthday as month_of5_1_, person0_.year_of_birthday as year_of_6_1_, person0_.block_id as block_i12_1_, person0_.blood_type as blood_ty7_1_, person0_.hobby as hobby8_1_, person0_.job as job9_1_, person0_.name as name10_1_, person0_.phone_number as phone_n11_1_ from person person0_ where person0_.name=?
Hibernate: select block0_.id as id1_0_0_, block0_.end_date as end_date2_0_0_, block0_.name as name3_0_0_, block0_.reason as reason4_0_0_, block0_.start_date as start_da5_0_0_ from block block0_ where block0_.id=?
]]></system-out>
  <system-err><![CDATA[]]></system-err>
</testsuite>
