<?xml version="1.0" encoding="UTF-8"?>
<testsuite name="com.fastcampus.javaallinone.project3.demo.Service.PersonServiceTest" tests="2" skipped="0" failures="0" errors="0" timestamp="2021-05-13T02:41:58" hostname="LAPTOP-170P7NSC" time="0.02">
  <properties/>
  <testcase name="getPerson()" classname="com.fastcampus.javaallinone.project3.demo.Service.PersonServiceTest" time="0.008"/>
  <testcase name="getPeopleByName()" classname="com.fastcampus.javaallinone.project3.demo.Service.PersonServiceTest" time="0.011"/>
  <system-out><![CDATA[2021-05-13 11:41:58.027  INFO 20212 --- [    Test worker] .b.t.c.SpringBootTestContextBootstrapper : Neither @ContextConfiguration nor @ContextHierarchy found for test class [com.fastcampus.javaallinone.project3.demo.Service.PersonServiceTest], using SpringBootContextLoader
2021-05-13 11:41:58.028  INFO 20212 --- [    Test worker] o.s.t.c.support.AbstractContextLoader    : Could not detect default resource locations for test class [com.fastcampus.javaallinone.project3.demo.Service.PersonServiceTest]: no resource found for suffixes {-context.xml, Context.groovy}.
2021-05-13 11:41:58.029  INFO 20212 --- [    Test worker] t.c.s.AnnotationConfigContextLoaderUtils : Could not detect default configuration classes for test class [com.fastcampus.javaallinone.project3.demo.Service.PersonServiceTest]: PersonServiceTest does not declare any static, non-private, non-final, nested classes annotated with @Configuration.
2021-05-13 11:41:58.038  INFO 20212 --- [    Test worker] .b.t.c.SpringBootTestContextBootstrapper : Found @SpringBootConfiguration com.fastcampus.javaallinone.project3.demo.DemoApplication for test class com.fastcampus.javaallinone.project3.demo.Service.PersonServiceTest
2021-05-13 11:41:58.040  INFO 20212 --- [    Test worker] .b.t.c.SpringBootTestContextBootstrapper : Loaded default TestExecutionListener class names from location [META-INF/spring.factories]: [org.springframework.boot.test.autoconfigure.restdocs.RestDocsTestExecutionListener, org.springframework.boot.test.autoconfigure.web.client.MockRestServiceServerResetTestExecutionListener, org.springframework.boot.test.autoconfigure.web.servlet.MockMvcPrintOnlyOnFailureTestExecutionListener, org.springframework.boot.test.autoconfigure.web.servlet.WebDriverTestExecutionListener, org.springframework.boot.test.autoconfigure.webservices.client.MockWebServiceServerTestExecutionListener, org.springframework.boot.test.mock.mockito.MockitoTestExecutionListener, org.springframework.boot.test.mock.mockito.ResetMocksTestExecutionListener, org.springframework.test.context.web.ServletTestExecutionListener, org.springframework.test.context.support.DirtiesContextBeforeModesTestExecutionListener, org.springframework.test.context.event.ApplicationEventsTestExecutionListener, org.springframework.test.context.support.DependencyInjectionTestExecutionListener, org.springframework.test.context.support.DirtiesContextTestExecutionListener, org.springframework.test.context.transaction.TransactionalTestExecutionListener, org.springframework.test.context.jdbc.SqlScriptsTestExecutionListener, org.springframework.test.context.event.EventPublishingTestExecutionListener]
2021-05-13 11:41:58.041  INFO 20212 --- [    Test worker] .b.t.c.SpringBootTestContextBootstrapper : Using TestExecutionListeners: [org.springframework.test.context.web.ServletTestExecutionListener@63609595, org.springframework.test.context.support.DirtiesContextBeforeModesTestExecutionListener@170b1f4c, org.springframework.test.context.event.ApplicationEventsTestExecutionListener@4fa98e82, org.springframework.boot.test.mock.mockito.MockitoTestExecutionListener@c1c6a87, org.springframework.boot.test.autoconfigure.SpringBootDependencyInjectionTestExecutionListener@6b378aac, org.springframework.test.context.support.DirtiesContextTestExecutionListener@248909f9, org.springframework.test.context.transaction.TransactionalTestExecutionListener@27574e74, org.springframework.test.context.jdbc.SqlScriptsTestExecutionListener@4870504b, org.springframework.test.context.event.EventPublishingTestExecutionListener@1fc5d103, org.springframework.boot.test.autoconfigure.restdocs.RestDocsTestExecutionListener@736fc5c3, org.springframework.boot.test.autoconfigure.web.client.MockRestServiceServerResetTestExecutionListener@6ed61134, org.springframework.boot.test.autoconfigure.web.servlet.MockMvcPrintOnlyOnFailureTestExecutionListener@24eee6ad, org.springframework.boot.test.autoconfigure.web.servlet.WebDriverTestExecutionListener@151276fa, org.springframework.boot.test.autoconfigure.webservices.client.MockWebServiceServerTestExecutionListener@18dee846, org.springframework.boot.test.mock.mockito.ResetMocksTestExecutionListener@465f15d8]
Hibernate: select person0_.id as id1_1_0_, person0_.address as address2_1_0_, person0_.day_of_birthday as day_of_b3_1_0_, person0_.month_of_birthday as month_of4_1_0_, person0_.year_of_birthday as year_of_5_1_0_, person0_.deleted as deleted6_1_0_, person0_.hobby as hobby7_1_0_, person0_.job as job8_1_0_, person0_.name as name9_1_0_, person0_.phone_number as phone_n10_1_0_ from person person0_ where person0_.id=?
2021-05-13 11:41:58.049  INFO 20212 --- [    Test worker] c.f.j.p.demo.Service.PersonService       : person : Person(id=3, name=C, hobby=null, address=null, birthday=Birthday(yearOfBirthday=1113, monthOfBirthday=3, dayOfBirthday=3), job=null, phoneNumber=null, deleted=false)
Hibernate: select person0_.id as id1_1_, person0_.address as address2_1_, person0_.day_of_birthday as day_of_b3_1_, person0_.month_of_birthday as month_of4_1_, person0_.year_of_birthday as year_of_5_1_, person0_.deleted as deleted6_1_, person0_.hobby as hobby7_1_, person0_.job as job8_1_, person0_.name as name9_1_, person0_.phone_number as phone_n10_1_ from person person0_ where person0_.name=?
]]></system-out>
  <system-err><![CDATA[]]></system-err>
</testsuite>
