<?xml version="1.0" encoding="UTF-8"?>
<testsuite name="com.fastcampus.javaallinone.project3.demo.DemoApplicationTests" tests="1" skipped="0" failures="0" errors="0" timestamp="2021-05-18T08:52:26" hostname="LAPTOP-170P7NSC" time="0.007">
  <properties/>
  <testcase name="contextLoads()" classname="com.fastcampus.javaallinone.project3.demo.DemoApplicationTests" time="0.007"/>
  <system-out><![CDATA[2021-05-18 17:52:26.315  INFO 16060 --- [    Test worker] .b.t.c.SpringBootTestContextBootstrapper : Neither @ContextConfiguration nor @ContextHierarchy found for test class [com.fastcampus.javaallinone.project3.demo.DemoApplicationTests], using SpringBootContextLoader
2021-05-18 17:52:26.316  INFO 16060 --- [    Test worker] o.s.t.c.support.AbstractContextLoader    : Could not detect default resource locations for test class [com.fastcampus.javaallinone.project3.demo.DemoApplicationTests]: no resource found for suffixes {-context.xml, Context.groovy}.
2021-05-18 17:52:26.316  INFO 16060 --- [    Test worker] t.c.s.AnnotationConfigContextLoaderUtils : Could not detect default configuration classes for test class [com.fastcampus.javaallinone.project3.demo.DemoApplicationTests]: DemoApplicationTests does not declare any static, non-private, non-final, nested classes annotated with @Configuration.
2021-05-18 17:52:26.331  INFO 16060 --- [    Test worker] .b.t.c.SpringBootTestContextBootstrapper : Found @SpringBootConfiguration com.fastcampus.javaallinone.project3.demo.DemoApplication for test class com.fastcampus.javaallinone.project3.demo.DemoApplicationTests
2021-05-18 17:52:26.335  INFO 16060 --- [    Test worker] .b.t.c.SpringBootTestContextBootstrapper : Loaded default TestExecutionListener class names from location [META-INF/spring.factories]: [org.springframework.boot.test.autoconfigure.restdocs.RestDocsTestExecutionListener, org.springframework.boot.test.autoconfigure.web.client.MockRestServiceServerResetTestExecutionListener, org.springframework.boot.test.autoconfigure.web.servlet.MockMvcPrintOnlyOnFailureTestExecutionListener, org.springframework.boot.test.autoconfigure.web.servlet.WebDriverTestExecutionListener, org.springframework.boot.test.autoconfigure.webservices.client.MockWebServiceServerTestExecutionListener, org.springframework.boot.test.mock.mockito.MockitoTestExecutionListener, org.springframework.boot.test.mock.mockito.ResetMocksTestExecutionListener, org.springframework.test.context.web.ServletTestExecutionListener, org.springframework.test.context.support.DirtiesContextBeforeModesTestExecutionListener, org.springframework.test.context.event.ApplicationEventsTestExecutionListener, org.springframework.test.context.support.DependencyInjectionTestExecutionListener, org.springframework.test.context.support.DirtiesContextTestExecutionListener, org.springframework.test.context.transaction.TransactionalTestExecutionListener, org.springframework.test.context.jdbc.SqlScriptsTestExecutionListener, org.springframework.test.context.event.EventPublishingTestExecutionListener]
2021-05-18 17:52:26.335  INFO 16060 --- [    Test worker] .b.t.c.SpringBootTestContextBootstrapper : Using TestExecutionListeners: [org.springframework.test.context.web.ServletTestExecutionListener@15dba41d, org.springframework.test.context.support.DirtiesContextBeforeModesTestExecutionListener@534bd18f, org.springframework.test.context.event.ApplicationEventsTestExecutionListener@371155b, org.springframework.boot.test.mock.mockito.MockitoTestExecutionListener@28839c42, org.springframework.boot.test.autoconfigure.SpringBootDependencyInjectionTestExecutionListener@60303e03, org.springframework.test.context.support.DirtiesContextTestExecutionListener@6dfa4c23, org.springframework.test.context.transaction.TransactionalTestExecutionListener@66aa470a, org.springframework.test.context.jdbc.SqlScriptsTestExecutionListener@527fa611, org.springframework.test.context.event.EventPublishingTestExecutionListener@33de5a7b, org.springframework.boot.test.autoconfigure.restdocs.RestDocsTestExecutionListener@c7a8377, org.springframework.boot.test.autoconfigure.web.client.MockRestServiceServerResetTestExecutionListener@38dc17e5, org.springframework.boot.test.autoconfigure.web.servlet.MockMvcPrintOnlyOnFailureTestExecutionListener@17bc61c1, org.springframework.boot.test.autoconfigure.web.servlet.WebDriverTestExecutionListener@56f0fccf, org.springframework.boot.test.autoconfigure.webservices.client.MockWebServiceServerTestExecutionListener@ec9bc5d, org.springframework.boot.test.mock.mockito.ResetMocksTestExecutionListener@56f2f15e]
]]></system-out>
  <system-err><![CDATA[]]></system-err>
</testsuite>
