<?xml version="1.0" encoding="UTF-8"?>
<testsuite name="com.fastcampus.javaallinone.project3.demo.DemoApplicationTests" tests="1" skipped="0" failures="0" errors="0" timestamp="2021-05-14T08:32:06" hostname="LAPTOP-170P7NSC" time="0.002">
  <properties/>
  <testcase name="contextLoads()" classname="com.fastcampus.javaallinone.project3.demo.DemoApplicationTests" time="0.002"/>
  <system-out><![CDATA[2021-05-14 17:32:06.269  INFO 24616 --- [    Test worker] .b.t.c.SpringBootTestContextBootstrapper : Neither @ContextConfiguration nor @ContextHierarchy found for test class [com.fastcampus.javaallinone.project3.demo.DemoApplicationTests], using SpringBootContextLoader
2021-05-14 17:32:06.270  INFO 24616 --- [    Test worker] o.s.t.c.support.AbstractContextLoader    : Could not detect default resource locations for test class [com.fastcampus.javaallinone.project3.demo.DemoApplicationTests]: no resource found for suffixes {-context.xml, Context.groovy}.
2021-05-14 17:32:06.270  INFO 24616 --- [    Test worker] t.c.s.AnnotationConfigContextLoaderUtils : Could not detect default configuration classes for test class [com.fastcampus.javaallinone.project3.demo.DemoApplicationTests]: DemoApplicationTests does not declare any static, non-private, non-final, nested classes annotated with @Configuration.
2021-05-14 17:32:06.275  INFO 24616 --- [    Test worker] .b.t.c.SpringBootTestContextBootstrapper : Found @SpringBootConfiguration com.fastcampus.javaallinone.project3.demo.DemoApplication for test class com.fastcampus.javaallinone.project3.demo.DemoApplicationTests
2021-05-14 17:32:06.276  INFO 24616 --- [    Test worker] .b.t.c.SpringBootTestContextBootstrapper : Loaded default TestExecutionListener class names from location [META-INF/spring.factories]: [org.springframework.boot.test.autoconfigure.restdocs.RestDocsTestExecutionListener, org.springframework.boot.test.autoconfigure.web.client.MockRestServiceServerResetTestExecutionListener, org.springframework.boot.test.autoconfigure.web.servlet.MockMvcPrintOnlyOnFailureTestExecutionListener, org.springframework.boot.test.autoconfigure.web.servlet.WebDriverTestExecutionListener, org.springframework.boot.test.autoconfigure.webservices.client.MockWebServiceServerTestExecutionListener, org.springframework.boot.test.mock.mockito.MockitoTestExecutionListener, org.springframework.boot.test.mock.mockito.ResetMocksTestExecutionListener, org.springframework.test.context.web.ServletTestExecutionListener, org.springframework.test.context.support.DirtiesContextBeforeModesTestExecutionListener, org.springframework.test.context.event.ApplicationEventsTestExecutionListener, org.springframework.test.context.support.DependencyInjectionTestExecutionListener, org.springframework.test.context.support.DirtiesContextTestExecutionListener, org.springframework.test.context.transaction.TransactionalTestExecutionListener, org.springframework.test.context.jdbc.SqlScriptsTestExecutionListener, org.springframework.test.context.event.EventPublishingTestExecutionListener]
2021-05-14 17:32:06.277  INFO 24616 --- [    Test worker] .b.t.c.SpringBootTestContextBootstrapper : Using TestExecutionListeners: [org.springframework.test.context.web.ServletTestExecutionListener@490df234, org.springframework.test.context.support.DirtiesContextBeforeModesTestExecutionListener@5a997eb2, org.springframework.test.context.event.ApplicationEventsTestExecutionListener@2302289e, org.springframework.boot.test.mock.mockito.MockitoTestExecutionListener@767685ef, org.springframework.boot.test.autoconfigure.SpringBootDependencyInjectionTestExecutionListener@50cc4547, org.springframework.test.context.support.DirtiesContextTestExecutionListener@4131cd02, org.springframework.test.context.transaction.TransactionalTestExecutionListener@73454b62, org.springframework.test.context.jdbc.SqlScriptsTestExecutionListener@31def118, org.springframework.test.context.event.EventPublishingTestExecutionListener@30a6c19, org.springframework.boot.test.autoconfigure.restdocs.RestDocsTestExecutionListener@4c1ce8a7, org.springframework.boot.test.autoconfigure.web.client.MockRestServiceServerResetTestExecutionListener@15dba41d, org.springframework.boot.test.autoconfigure.web.servlet.MockMvcPrintOnlyOnFailureTestExecutionListener@534bd18f, org.springframework.boot.test.autoconfigure.web.servlet.WebDriverTestExecutionListener@371155b, org.springframework.boot.test.autoconfigure.webservices.client.MockWebServiceServerTestExecutionListener@28839c42, org.springframework.boot.test.mock.mockito.ResetMocksTestExecutionListener@60303e03]
]]></system-out>
  <system-err><![CDATA[]]></system-err>
</testsuite>
