<?xml version="1.0" encoding="UTF-8"?>
<testsuite name="com.fastcampus.javaallinone.project3.demo.controller.PersonControllerTest" tests="1" skipped="0" failures="0" errors="0" timestamp="2021-05-13T01:26:25" hostname="LAPTOP-170P7NSC" time="0.449">
  <properties/>
  <testcase name="deletePerson()" classname="com.fastcampus.javaallinone.project3.demo.controller.PersonControllerTest" time="0.449"/>
  <system-out><![CDATA[10:26:21.274 [Test worker] DEBUG org.springframework.test.context.BootstrapUtils - Instantiating CacheAwareContextLoaderDelegate from class [org.springframework.test.context.cache.DefaultCacheAwareContextLoaderDelegate]
10:26:21.286 [Test worker] DEBUG org.springframework.test.context.BootstrapUtils - Instantiating BootstrapContext using constructor [public org.springframework.test.context.support.DefaultBootstrapContext(java.lang.Class,org.springframework.test.context.CacheAwareContextLoaderDelegate)]
10:26:21.319 [Test worker] DEBUG org.springframework.test.context.BootstrapUtils - Instantiating TestContextBootstrapper for test class [com.fastcampus.javaallinone.project3.demo.controller.PersonControllerTest] from class [org.springframework.boot.test.context.SpringBootTestContextBootstrapper]
10:26:21.331 [Test worker] INFO org.springframework.boot.test.context.SpringBootTestContextBootstrapper - Neither @ContextConfiguration nor @ContextHierarchy found for test class [com.fastcampus.javaallinone.project3.demo.controller.PersonControllerTest], using SpringBootContextLoader
10:26:21.334 [Test worker] DEBUG org.springframework.test.context.support.AbstractContextLoader - Did not detect default resource location for test class [com.fastcampus.javaallinone.project3.demo.controller.PersonControllerTest]: class path resource [com/fastcampus/javaallinone/project3/demo/controller/PersonControllerTest-context.xml] does not exist
10:26:21.335 [Test worker] DEBUG org.springframework.test.context.support.AbstractContextLoader - Did not detect default resource location for test class [com.fastcampus.javaallinone.project3.demo.controller.PersonControllerTest]: class path resource [com/fastcampus/javaallinone/project3/demo/controller/PersonControllerTestContext.groovy] does not exist
10:26:21.335 [Test worker] INFO org.springframework.test.context.support.AbstractContextLoader - Could not detect default resource locations for test class [com.fastcampus.javaallinone.project3.demo.controller.PersonControllerTest]: no resource found for suffixes {-context.xml, Context.groovy}.
10:26:21.336 [Test worker] INFO org.springframework.test.context.support.AnnotationConfigContextLoaderUtils - Could not detect default configuration classes for test class [com.fastcampus.javaallinone.project3.demo.controller.PersonControllerTest]: PersonControllerTest does not declare any static, non-private, non-final, nested classes annotated with @Configuration.
10:26:21.373 [Test worker] DEBUG org.springframework.test.context.support.ActiveProfilesUtils - Could not find an 'annotation declaring class' for annotation type [org.springframework.test.context.ActiveProfiles] and class [com.fastcampus.javaallinone.project3.demo.controller.PersonControllerTest]
10:26:21.458 [Test worker] DEBUG org.springframework.context.annotation.ClassPathScanningCandidateComponentProvider - Identified candidate component class: file [D:\study\JAVA\Java_fcacademy\project\fcacademy\build\classes\java\main\com\fastcampus\javaallinone\project3\demo\DemoApplication.class]
10:26:21.459 [Test worker] INFO org.springframework.boot.test.context.SpringBootTestContextBootstrapper - Found @SpringBootConfiguration com.fastcampus.javaallinone.project3.demo.DemoApplication for test class com.fastcampus.javaallinone.project3.demo.controller.PersonControllerTest
10:26:21.543 [Test worker] DEBUG org.springframework.boot.test.context.SpringBootTestContextBootstrapper - @TestExecutionListeners is not present for class [com.fastcampus.javaallinone.project3.demo.controller.PersonControllerTest]: using defaults.
10:26:21.543 [Test worker] INFO org.springframework.boot.test.context.SpringBootTestContextBootstrapper - Loaded default TestExecutionListener class names from location [META-INF/spring.factories]: [org.springframework.boot.test.autoconfigure.restdocs.RestDocsTestExecutionListener, org.springframework.boot.test.autoconfigure.web.client.MockRestServiceServerResetTestExecutionListener, org.springframework.boot.test.autoconfigure.web.servlet.MockMvcPrintOnlyOnFailureTestExecutionListener, org.springframework.boot.test.autoconfigure.web.servlet.WebDriverTestExecutionListener, org.springframework.boot.test.autoconfigure.webservices.client.MockWebServiceServerTestExecutionListener, org.springframework.boot.test.mock.mockito.MockitoTestExecutionListener, org.springframework.boot.test.mock.mockito.ResetMocksTestExecutionListener, org.springframework.test.context.web.ServletTestExecutionListener, org.springframework.test.context.support.DirtiesContextBeforeModesTestExecutionListener, org.springframework.test.context.event.ApplicationEventsTestExecutionListener, org.springframework.test.context.support.DependencyInjectionTestExecutionListener, org.springframework.test.context.support.DirtiesContextTestExecutionListener, org.springframework.test.context.transaction.TransactionalTestExecutionListener, org.springframework.test.context.jdbc.SqlScriptsTestExecutionListener, org.springframework.test.context.event.EventPublishingTestExecutionListener]
10:26:21.556 [Test worker] INFO org.springframework.boot.test.context.SpringBootTestContextBootstrapper - Using TestExecutionListeners: [org.springframework.test.context.web.ServletTestExecutionListener@5b96815d, org.springframework.test.context.support.DirtiesContextBeforeModesTestExecutionListener@10b9e2ed, org.springframework.test.context.event.ApplicationEventsTestExecutionListener@61fdc19f, org.springframework.boot.test.mock.mockito.MockitoTestExecutionListener@5b1b0ec, org.springframework.boot.test.autoconfigure.SpringBootDependencyInjectionTestExecutionListener@6a42456e, org.springframework.test.context.support.DirtiesContextTestExecutionListener@35b36c41, org.springframework.test.context.transaction.TransactionalTestExecutionListener@3acda251, org.springframework.test.context.jdbc.SqlScriptsTestExecutionListener@32735334, org.springframework.test.context.event.EventPublishingTestExecutionListener@4a620921, org.springframework.boot.test.autoconfigure.restdocs.RestDocsTestExecutionListener@641db548, org.springframework.boot.test.autoconfigure.web.client.MockRestServiceServerResetTestExecutionListener@33155cb0, org.springframework.boot.test.autoconfigure.web.servlet.MockMvcPrintOnlyOnFailureTestExecutionListener@1b574315, org.springframework.boot.test.autoconfigure.web.servlet.WebDriverTestExecutionListener@41267a5f, org.springframework.boot.test.autoconfigure.webservices.client.MockWebServiceServerTestExecutionListener@489820c6, org.springframework.boot.test.mock.mockito.ResetMocksTestExecutionListener@51f115b9]
10:26:21.559 [Test worker] DEBUG org.springframework.test.context.support.AbstractDirtiesContextTestExecutionListener - Before test class: context [DefaultTestContext@247de45 testClass = PersonControllerTest, testInstance = [null], testMethod = [null], testException = [null], mergedContextConfiguration = [WebMergedContextConfiguration@54f84d87 testClass = PersonControllerTest, locations = '{}', classes = '{class com.fastcampus.javaallinone.project3.demo.DemoApplication}', contextInitializerClasses = '[]', activeProfiles = '{}', propertySourceLocations = '{}', propertySourceProperties = '{org.springframework.boot.test.context.SpringBootTestContextBootstrapper=true}', contextCustomizers = set[org.springframework.boot.test.autoconfigure.actuate.metrics.MetricsExportContextCustomizerFactory$DisableMetricExportContextCustomizer@67e362d, org.springframework.boot.test.autoconfigure.properties.PropertyMappingContextCustomizer@0, org.springframework.boot.test.autoconfigure.web.servlet.WebDriverContextCustomizerFactory$Customizer@12530bbc, org.springframework.boot.test.context.filter.ExcludeFilterContextCustomizer@32349543, org.springframework.boot.test.json.DuplicateJsonObjectContextCustomizerFactory$DuplicateJsonObjectContextCustomizer@6cdfbcf3, org.springframework.boot.test.mock.mockito.MockitoContextCustomizer@0, org.springframework.boot.test.web.client.TestRestTemplateContextCustomizer@85a326f, org.springframework.boot.test.context.SpringBootTestArgs@1, org.springframework.boot.test.context.SpringBootTestWebEnvironment@1e5b083d], resourceBasePath = 'src/main/webapp', contextLoader = 'org.springframework.boot.test.context.SpringBootContextLoader', parent = [null]], attributes = map['org.springframework.test.context.web.ServletTestExecutionListener.activateListener' -> true]], class annotated with @DirtiesContext [false] with mode [null].
10:26:21.580 [Test worker] DEBUG org.springframework.test.context.support.TestPropertySourceUtils - Adding inlined properties to environment: {spring.jmx.enabled=false, org.springframework.boot.test.context.SpringBootTestContextBootstrapper=true}

  .   ____          _            __ _ _
 /\\ / ___'_ __ _ _(_)_ __  __ _ \ \ \ \
( ( )\___ | '_ | '_| | '_ \/ _` | \ \ \ \
 \\/  ___)| |_)| | | | | || (_| |  ) ) ) )
  '  |____| .__|_| |_|_| |_\__, | / / / /
 =========|_|==============|___/=/_/_/_/
 :: Spring Boot ::                (v2.4.5)

2021-05-13 10:26:21.831  INFO 24976 --- [    Test worker] c.f.j.p.d.c.PersonControllerTest         : Starting PersonControllerTest using Java 15.0.2 on LAPTOP-170P7NSC with PID 24976 (started by admin in D:\study\JAVA\Java_fcacademy\project\fcacademy)
2021-05-13 10:26:21.834  INFO 24976 --- [    Test worker] c.f.j.p.d.c.PersonControllerTest         : No active profile set, falling back to default profiles: default
2021-05-13 10:26:22.399  INFO 24976 --- [    Test worker] .s.d.r.c.RepositoryConfigurationDelegate : Bootstrapping Spring Data JPA repositories in DEFAULT mode.
2021-05-13 10:26:22.451  INFO 24976 --- [    Test worker] .s.d.r.c.RepositoryConfigurationDelegate : Finished Spring Data repository scanning in 44 ms. Found 2 JPA repository interfaces.
2021-05-13 10:26:22.897  INFO 24976 --- [    Test worker] com.zaxxer.hikari.HikariDataSource       : HikariPool-1 - Starting...
2021-05-13 10:26:23.056  INFO 24976 --- [    Test worker] com.zaxxer.hikari.HikariDataSource       : HikariPool-1 - Start completed.
2021-05-13 10:26:23.117  INFO 24976 --- [    Test worker] o.hibernate.jpa.internal.util.LogHelper  : HHH000204: Processing PersistenceUnitInfo [name: default]
2021-05-13 10:26:23.164  INFO 24976 --- [    Test worker] org.hibernate.Version                    : HHH000412: Hibernate ORM core version 5.4.30.Final
2021-05-13 10:26:23.299  INFO 24976 --- [    Test worker] o.hibernate.annotations.common.Version   : HCANN000001: Hibernate Commons Annotations {5.1.2.Final}
2021-05-13 10:26:23.414  INFO 24976 --- [    Test worker] org.hibernate.dialect.Dialect            : HHH000400: Using dialect: org.hibernate.dialect.H2Dialect
Hibernate: drop table if exists block CASCADE 
Hibernate: drop table if exists person CASCADE 
Hibernate: create table block (id bigint generated by default as identity, end_date date, name varchar(255), reason varchar(255), start_date date, primary key (id))
Hibernate: create table person (id bigint generated by default as identity, address varchar(255), age integer not null, day_of_birthday integer, month_of_birthday integer, year_of_birthday integer, blood_type varchar(255) not null, deleted boolean default 0 not null, hobby varchar(255), job varchar(255), name varchar(255) not null, phone_number varchar(255), block_id bigint, primary key (id))
Hibernate: alter table person add constraint FK8twkg0bra1qk7s5hqqsq34dpa foreign key (block_id) references block
2021-05-13 10:26:23.961  INFO 24976 --- [    Test worker] o.h.e.t.j.p.i.JtaPlatformInitiator       : HHH000490: Using JtaPlatform implementation: [org.hibernate.engine.transaction.jta.platform.internal.NoJtaPlatform]
2021-05-13 10:26:23.970  INFO 24976 --- [    Test worker] j.LocalContainerEntityManagerFactoryBean : Initialized JPA EntityManagerFactory for persistence unit 'default'
2021-05-13 10:26:24.535  WARN 24976 --- [    Test worker] JpaBaseConfiguration$JpaWebConfiguration : spring.jpa.open-in-view is enabled by default. Therefore, database queries may be performed during view rendering. Explicitly configure spring.jpa.open-in-view to disable this warning
2021-05-13 10:26:24.745  INFO 24976 --- [    Test worker] o.s.s.concurrent.ThreadPoolTaskExecutor  : Initializing ExecutorService 'applicationTaskExecutor'
2021-05-13 10:26:25.060  INFO 24976 --- [    Test worker] c.f.j.p.d.c.PersonControllerTest         : Started PersonControllerTest in 3.475 seconds (JVM running for 4.424)
2021-05-13 10:26:25.241  INFO 24976 --- [    Test worker] o.s.mock.web.MockServletContext          : Initializing Spring TestDispatcherServlet ''
2021-05-13 10:26:25.241  INFO 24976 --- [    Test worker] o.s.t.web.servlet.TestDispatcherServlet  : Initializing Servlet ''
2021-05-13 10:26:25.241  INFO 24976 --- [    Test worker] o.s.t.web.servlet.TestDispatcherServlet  : Completed initialization in 0 ms
Hibernate: select person0_.id as id1_1_0_, person0_.address as address2_1_0_, person0_.age as age3_1_0_, person0_.day_of_birthday as day_of_b4_1_0_, person0_.month_of_birthday as month_of5_1_0_, person0_.year_of_birthday as year_of_6_1_0_, person0_.block_id as block_i13_1_0_, person0_.blood_type as blood_ty7_1_0_, person0_.deleted as deleted8_1_0_, person0_.hobby as hobby9_1_0_, person0_.job as job10_1_0_, person0_.name as name11_1_0_, person0_.phone_number as phone_n12_1_0_, block1_.id as id1_0_1_, block1_.end_date as end_date2_0_1_, block1_.name as name3_0_1_, block1_.reason as reason4_0_1_, block1_.start_date as start_da5_0_1_ from person person0_ left outer join block block1_ on person0_.block_id=block1_.id where person0_.id=? and ( person0_.deleted = 0)
Hibernate: update person set address=?, age=?, day_of_birthday=?, month_of_birthday=?, year_of_birthday=?, block_id=?, blood_type=?, deleted=?, hobby=?, job=?, name=?, phone_number=? where id=?
Hibernate: select person0_.id as id1_1_, person0_.address as address2_1_, person0_.age as age3_1_, person0_.day_of_birthday as day_of_b4_1_, person0_.month_of_birthday as month_of5_1_, person0_.year_of_birthday as year_of_6_1_, person0_.block_id as block_i13_1_, person0_.blood_type as blood_ty7_1_, person0_.deleted as deleted8_1_, person0_.hobby as hobby9_1_, person0_.job as job10_1_, person0_.name as name11_1_, person0_.phone_number as phone_n12_1_ from person person0_ where ( person0_.deleted = 0)
Hibernate: select block0_.id as id1_0_0_, block0_.end_date as end_date2_0_0_, block0_.name as name3_0_0_, block0_.reason as reason4_0_0_, block0_.start_date as start_da5_0_0_ from block block0_ where block0_.id=?
Person(id=2, name=B, age=4, hobby=null, bloodType=B, address=null, birthday=Birthday(yearOfBirthday=1112, monthOfBirthday=5, dayOfBirthday=5), job=null, deleted=false, block=null)
Person(id=3, name=C, age=3, hobby=null, bloodType=O, address=null, birthday=Birthday(yearOfBirthday=1113, monthOfBirthday=3, dayOfBirthday=3), job=null, deleted=false, block=Block(id=2, name=C, reason=null, startDate=null, endDate=null))
Person(id=4, name=D, age=2, hobby=null, bloodType=AB, address=null, birthday=Birthday(yearOfBirthday=1114, monthOfBirthday=4, dayOfBirthday=4), job=null, deleted=false, block=null)
Person(id=5, name=E, age=1, hobby=null, bloodType=O, address=null, birthday=Birthday(yearOfBirthday=1115, monthOfBirthday=5, dayOfBirthday=5), job=null, deleted=false, block=null)

MockHttpServletRequest:
      HTTP Method = DELETE
      Request URI = /api/person/1
       Parameters = {}
          Headers = []
             Body = <no character encoding set>
    Session Attrs = {}

Handler:
             Type = com.fastcampus.javaallinone.project3.demo.controller.PersonController
           Method = com.fastcampus.javaallinone.project3.demo.controller.PersonController#deletePerson(Long)

Async:
    Async started = false
     Async result = null

Resolved Exception:
             Type = null

ModelAndView:
        View name = null
             View = null
            Model = null

FlashMap:
       Attributes = null

MockHttpServletResponse:
           Status = 200
    Error message = null
          Headers = []
     Content type = null
             Body = 
    Forwarded URL = null
   Redirected URL = null
          Cookies = []
Hibernate: select * from Person person where person.deleted = true
Hibernate: select block0_.id as id1_0_0_, block0_.end_date as end_date2_0_0_, block0_.name as name3_0_0_, block0_.reason as reason4_0_0_, block0_.start_date as start_da5_0_0_ from block block0_ where block0_.id=?
Person(id=1, name=A, age=5, hobby=null, bloodType=A, address=null, birthday=Birthday(yearOfBirthday=1111, monthOfBirthday=1, dayOfBirthday=1), job=null, deleted=true, block=Block(id=1, name=A, reason=null, startDate=null, endDate=null))
]]></system-out>
  <system-err><![CDATA[]]></system-err>
</testsuite>
