<?xml version="1.0" encoding="UTF-8"?>
<testsuite name="com.fastcampus.javaallinone.project3.demo.Service.PersonServiceTest" tests="11" skipped="0" failures="0" errors="0" timestamp="2021-05-16T14:44:51" hostname="LAPTOP-170P7NSC" time="0.191">
  <properties/>
  <testcase name="modifyByNameIfPersonNotFound()" classname="com.fastcampus.javaallinone.project3.demo.Service.PersonServiceTest" time="0.153"/>
  <testcase name="delete()" classname="com.fastcampus.javaallinone.project3.demo.Service.PersonServiceTest" time="0.01"/>
  <testcase name="modify()" classname="com.fastcampus.javaallinone.project3.demo.Service.PersonServiceTest" time="0.003"/>
  <testcase name="modifyByName()" classname="com.fastcampus.javaallinone.project3.demo.Service.PersonServiceTest" time="0.003"/>
  <testcase name="getPersonIfNotFound()" classname="com.fastcampus.javaallinone.project3.demo.Service.PersonServiceTest" time="0.002"/>
  <testcase name="put()" classname="com.fastcampus.javaallinone.project3.demo.Service.PersonServiceTest" time="0.003"/>
  <testcase name="modifyIfNameIsDifferent()" classname="com.fastcampus.javaallinone.project3.demo.Service.PersonServiceTest" time="0.002"/>
  <testcase name="modifyIfPersonNotFound()" classname="com.fastcampus.javaallinone.project3.demo.Service.PersonServiceTest" time="0.002"/>
  <testcase name="getPerson()" classname="com.fastcampus.javaallinone.project3.demo.Service.PersonServiceTest" time="0.002"/>
  <testcase name="deleteIfPersonNotFound()" classname="com.fastcampus.javaallinone.project3.demo.Service.PersonServiceTest" time="0.002"/>
  <testcase name="getPeopleByName()" classname="com.fastcampus.javaallinone.project3.demo.Service.PersonServiceTest" time="0.002"/>
  <system-out><![CDATA[]]></system-out>
  <system-err><![CDATA[]]></system-err>
</testsuite>
